[0.021s] Invoking command in '/home/crazyrobot/evpi_ws/build/joint_state_publisher': /usr/bin/cmake /home/crazyrobot/evpi_ws/joint_state_publisher/joint_state_publisher -DCATKIN_INSTALL_INTO_PREFIX_ROOT=0 -DCMAKE_INSTALL_PREFIX=/home/crazyrobot/evpi_ws/install/joint_state_publisher
[0.064s] -- The C compiler identification is GNU 9.4.0
[0.107s] -- The CXX compiler identification is GNU 9.4.0
[0.113s] -- Check for working C compiler: /usr/bin/cc
[0.155s] -- Check for working C compiler: /usr/bin/cc -- works
[0.155s] -- Detecting C compiler ABI info
[0.198s] -- Detecting C compiler ABI info - done
[0.208s] -- Detecting C compile features
[0.208s] -- Detecting C compile features - done
[0.211s] -- Check for working CXX compiler: /usr/bin/c++
[0.262s] -- Check for working CXX compiler: /usr/bin/c++ -- works
[0.262s] -- Detecting CXX compiler ABI info
[0.313s] -- Detecting CXX compiler ABI info - done
[0.324s] -- Detecting CXX compile features
[0.324s] -- Detecting CXX compile features - done
[0.332s] CMake Error at CMakeLists.txt:4 (find_package):
[0.332s]   By not providing "Findcatkin.cmake" in CMAKE_MODULE_PATH this project has
[0.332s]   asked CMake to find a package configuration file provided by "catkin", but
[0.333s]   CMake did not find one.
[0.333s] 
[0.333s]   Could not find a package configuration file provided by "catkin" with any
[0.333s]   of the following names:
[0.333s] 
[0.333s]     catkinConfig.cmake
[0.333s]     catkin-config.cmake
[0.333s] 
[0.333s]   Add the installation prefix of "catkin" to CMAKE_PREFIX_PATH or set
[0.333s]   "catkin_DIR" to a directory containing one of the above files.  If "catkin"
[0.333s]   provides a separate development package or SDK, be sure it has been
[0.333s]   installed.
[0.333s] 
[0.333s] 
[0.333s] -- Configuring incomplete, errors occurred!
[0.334s] See also "/home/crazyrobot/evpi_ws/build/joint_state_publisher/CMakeFiles/CMakeOutput.log".
[0.335s] Invoked command in '/home/crazyrobot/evpi_ws/build/joint_state_publisher' returned '1': /usr/bin/cmake /home/crazyrobot/evpi_ws/joint_state_publisher/joint_state_publisher -DCATKIN_INSTALL_INTO_PREFIX_ROOT=0 -DCMAKE_INSTALL_PREFIX=/home/crazyrobot/evpi_ws/install/joint_state_publisher
