[0.020s] Invoking command in '/home/crazyrobot/evpi_ws/build/evpi_interfaces': CMAKE_PREFIX_PATH=${CMAKE_PREFIX_PATH}:/opt/ros/foxy /usr/bin/cmake /home/crazyrobot/evpi_ws/src/evpi_interfaces -DCMAKE_INSTALL_PREFIX=/home/crazyrobot/evpi_ws/install/evpi_interfaces
[1.003s] -- The C compiler identification is GNU 9.4.0
[1.794s] -- The CXX compiler identification is GNU 9.4.0
[1.860s] -- Check for working C compiler: /usr/bin/cc
[1.939s] -- Check for working C compiler: /usr/bin/cc -- works
[1.940s] -- Detecting C compiler ABI info
[2.004s] -- Detecting C compiler ABI info - done
[2.012s] -- Detecting C compile features
[2.013s] -- Detecting C compile features - done
[2.015s] -- Check for working CXX compiler: /usr/bin/c++
[2.066s] -- Check for working CXX compiler: /usr/bin/c++ -- works
[2.067s] -- Detecting CXX compiler ABI info
[2.118s] -- Detecting CXX compiler ABI info - done
[2.133s] -- Detecting CXX compile features
[2.134s] -- Detecting CXX compile features - done
[2.169s] -- Found ament_cmake: 0.9.9 (/opt/ros/foxy/share/ament_cmake/cmake)
[2.214s] -- Found PythonInterp: /usr/bin/python3 (found suitable version "3.8.10", minimum required is "3") 
[2.215s] -- Using PYTHON_EXECUTABLE: /usr/bin/python3
[2.426s] -- Found rosidl_default_generators: 1.0.1 (/opt/ros/foxy/share/rosidl_default_generators/cmake)
[2.460s] -- Using all available rosidl_typesupport_c: rosidl_typesupport_fastrtps_c;rosidl_typesupport_introspection_c
[2.478s] -- Found rosidl_adapter: 1.2.1 (/opt/ros/foxy/share/rosidl_adapter/cmake)
[2.791s] -- Found OpenSSL: /usr/lib/x86_64-linux-gnu/libcrypto.so (found version "1.1.1f")  
[2.816s] -- Found FastRTPS: /opt/ros/foxy/include  
[2.919s] -- Using all available rosidl_typesupport_cpp: rosidl_typesupport_fastrtps_cpp;rosidl_typesupport_introspection_cpp
[2.940s] -- Found builtin_interfaces: 1.0.0 (/opt/ros/foxy/share/builtin_interfaces/cmake)
[2.953s] -- Found geometry_msgs: 2.0.5 (/opt/ros/foxy/share/geometry_msgs/cmake)
[3.045s] -- Found PythonInterp: /usr/bin/python3 (found version "3.8.10") 
[3.296s] -- Found ament_cmake_ros: 0.9.2 (/opt/ros/foxy/share/ament_cmake_ros/cmake)
[3.482s] -- Using all available rosidl_typesupport_c: rosidl_typesupport_fastrtps_c;rosidl_typesupport_introspection_c
[3.607s] -- Using all available rosidl_typesupport_cpp: rosidl_typesupport_fastrtps_cpp;rosidl_typesupport_introspection_cpp
[3.626s] -- Found PythonInterp: /usr/bin/python3 (found suitable version "3.8.10", minimum required is "3.5") 
[3.637s] -- Found python_cmake_module: 0.8.1 (/opt/ros/foxy/share/python_cmake_module/cmake)
[3.789s] -- Found PythonLibs: /usr/lib/x86_64-linux-gnu/libpython3.8.so (found suitable version "3.8.10", minimum required is "3.5") 
[3.789s] -- Using PYTHON_EXECUTABLE: /usr/bin/python3
[3.789s] -- Using PYTHON_INCLUDE_DIRS: /usr/include/python3.8
[3.789s] -- Using PYTHON_LIBRARIES: /usr/lib/x86_64-linux-gnu/libpython3.8.so
[3.803s] -- Found PythonExtra: .so  
[3.922s] -- Configuring done
[4.106s] -- Generating done
[4.108s] -- Build files have been written to: /home/crazyrobot/evpi_ws/build/evpi_interfaces
[4.113s] Invoked command in '/home/crazyrobot/evpi_ws/build/evpi_interfaces' returned '0': CMAKE_PREFIX_PATH=${CMAKE_PREFIX_PATH}:/opt/ros/foxy /usr/bin/cmake /home/crazyrobot/evpi_ws/src/evpi_interfaces -DCMAKE_INSTALL_PREFIX=/home/crazyrobot/evpi_ws/install/evpi_interfaces
[4.115s] Invoking command in '/home/crazyrobot/evpi_ws/build/evpi_interfaces': CMAKE_PREFIX_PATH=${CMAKE_PREFIX_PATH}:/opt/ros/foxy /usr/bin/cmake --build /home/crazyrobot/evpi_ws/build/evpi_interfaces -- -j16 -l16
[4.140s] [35m[1mScanning dependencies of target evpi_interfaces__cpp[0m
[4.141s] [  2%] [34m[1mGenerating C code for ROS interfaces[0m
[4.147s] [  5%] [34m[1mGenerating C++ code for ROS interfaces[0m
[4.450s] [  5%] Built target evpi_interfaces__cpp
[4.457s] [ 12%] [34m[1mGenerating C++ type support dispatch for ROS interfaces[0m
[4.457s] [ 12%] [34m[1mGenerating C++ type support for eProsima Fast-RTPS[0m
[4.457s] [ 12%] [34m[1mGenerating C++ introspection for ROS interfaces[0m
[4.471s] [35m[1mScanning dependencies of target evpi_interfaces__rosidl_generator_c[0m
[4.521s] [ 17%] [32mBuilding C object CMakeFiles/evpi_interfaces__rosidl_generator_c.dir/rosidl_generator_c/evpi_interfaces/msg/detail/multi_range__functions.c.o[0m
[4.521s] [ 17%] [32mBuilding C object CMakeFiles/evpi_interfaces__rosidl_generator_c.dir/rosidl_generator_c/evpi_interfaces/msg/detail/mode__functions.c.o[0m
[4.649s] [ 20%] [32m[1mLinking C shared library libevpi_interfaces__rosidl_generator_c.so[0m
[4.673s] [35m[1mScanning dependencies of target evpi_interfaces__rosidl_typesupport_cpp[0m
[4.683s] [ 25%] [32mBuilding CXX object CMakeFiles/evpi_interfaces__rosidl_typesupport_cpp.dir/rosidl_typesupport_cpp/evpi_interfaces/msg/mode__type_support.cpp.o[0m
[4.684s] [ 25%] [32mBuilding CXX object CMakeFiles/evpi_interfaces__rosidl_typesupport_cpp.dir/rosidl_typesupport_cpp/evpi_interfaces/msg/multi_range__type_support.cpp.o[0m
[4.708s] [35m[1mScanning dependencies of target evpi_interfaces__rosidl_typesupport_introspection_cpp[0m
[4.724s] [ 28%] [32mBuilding CXX object CMakeFiles/evpi_interfaces__rosidl_typesupport_introspection_cpp.dir/rosidl_typesupport_introspection_cpp/evpi_interfaces/msg/detail/mode__type_support.cpp.o[0m
[4.724s] [ 30%] [32mBuilding CXX object CMakeFiles/evpi_interfaces__rosidl_typesupport_introspection_cpp.dir/rosidl_typesupport_introspection_cpp/evpi_interfaces/msg/detail/multi_range__type_support.cpp.o[0m
[4.748s] [ 30%] Built target evpi_interfaces__rosidl_generator_c
[4.755s] [ 35%] [34m[1mGenerating C introspection for ROS interfaces[0m
[4.755s] [ 35%] [34m[1mGenerating C type support dispatch for ROS interfaces[0m
[4.776s] [35m[1mScanning dependencies of target evpi_interfaces__rosidl_typesupport_fastrtps_cpp[0m
[4.839s] [ 38%] [32mBuilding CXX object CMakeFiles/evpi_interfaces__rosidl_typesupport_fastrtps_cpp.dir/rosidl_typesupport_fastrtps_cpp/evpi_interfaces/msg/detail/dds_fastrtps/mode__type_support.cpp.o[0m
[4.841s] [ 41%] [32mBuilding CXX object CMakeFiles/evpi_interfaces__rosidl_typesupport_fastrtps_cpp.dir/rosidl_typesupport_fastrtps_cpp/evpi_interfaces/msg/detail/dds_fastrtps/multi_range__type_support.cpp.o[0m
[4.972s] [35m[1mScanning dependencies of target evpi_interfaces__rosidl_typesupport_c[0m
[5.002s] [ 43%] [32mBuilding CXX object CMakeFiles/evpi_interfaces__rosidl_typesupport_c.dir/rosidl_typesupport_c/evpi_interfaces/msg/mode__type_support.cpp.o[0m
[5.002s] [ 46%] [32mBuilding CXX object CMakeFiles/evpi_interfaces__rosidl_typesupport_c.dir/rosidl_typesupport_c/evpi_interfaces/msg/multi_range__type_support.cpp.o[0m
[5.002s] [35m[1mScanning dependencies of target evpi_interfaces__rosidl_typesupport_introspection_c[0m
[5.035s] [ 48%] [32m[1mLinking CXX shared library libevpi_interfaces__rosidl_typesupport_c.so[0m
[5.036s] [ 51%] [32m[1mLinking CXX shared library libevpi_interfaces__rosidl_typesupport_cpp.so[0m
[5.063s] [ 51%] Built target evpi_interfaces__rosidl_typesupport_c
[5.063s] [ 51%] Built target evpi_interfaces__rosidl_typesupport_cpp
[5.161s] [ 56%] [32mBuilding C object CMakeFiles/evpi_interfaces__rosidl_typesupport_introspection_c.dir/rosidl_typesupport_introspection_c/evpi_interfaces/msg/detail/multi_range__type_support.c.o[0m
[5.161s] [ 56%] [32mBuilding C object CMakeFiles/evpi_interfaces__rosidl_typesupport_introspection_c.dir/rosidl_typesupport_introspection_c/evpi_interfaces/msg/detail/mode__type_support.c.o[0m
[5.183s] [ 58%] [32m[1mLinking C shared library libevpi_interfaces__rosidl_typesupport_introspection_c.so[0m
[5.200s] [ 61%] [32m[1mLinking CXX shared library libevpi_interfaces__rosidl_typesupport_introspection_cpp.so[0m
[5.205s] [ 61%] Built target evpi_interfaces__rosidl_typesupport_introspection_c
[5.251s] [ 61%] Built target evpi_interfaces__rosidl_typesupport_introspection_cpp
[5.333s] [ 64%] [32m[1mLinking CXX shared library libevpi_interfaces__rosidl_typesupport_fastrtps_cpp.so[0m
[5.452s] [ 64%] Built target evpi_interfaces__rosidl_typesupport_fastrtps_cpp
[5.460s] [ 66%] [34m[1mGenerating C type support for eProsima Fast-RTPS[0m
[5.703s] [35m[1mScanning dependencies of target evpi_interfaces__rosidl_typesupport_fastrtps_c[0m
[5.721s] [ 71%] [32mBuilding CXX object CMakeFiles/evpi_interfaces__rosidl_typesupport_fastrtps_c.dir/rosidl_typesupport_fastrtps_c/evpi_interfaces/msg/detail/mode__type_support_c.cpp.o[0m
[5.721s] [ 71%] [32mBuilding CXX object CMakeFiles/evpi_interfaces__rosidl_typesupport_fastrtps_c.dir/rosidl_typesupport_fastrtps_c/evpi_interfaces/msg/detail/multi_range__type_support_c.cpp.o[0m
[5.970s] [ 74%] [32m[1mLinking CXX shared library libevpi_interfaces__rosidl_typesupport_fastrtps_c.so[0m
[6.032s] [ 74%] Built target evpi_interfaces__rosidl_typesupport_fastrtps_c
[6.040s] [35m[1mScanning dependencies of target evpi_interfaces[0m
[6.047s] [ 74%] Built target evpi_interfaces
[6.054s] [35m[1mScanning dependencies of target evpi_interfaces__py[0m
[6.062s] [ 76%] [34m[1mGenerating Python code for ROS interfaces[0m
[7.007s] [ 76%] Built target evpi_interfaces__py
[7.014s] [35m[1mScanning dependencies of target evpi_interfaces__python[0m
[7.077s] [ 82%] [32mBuilding C object CMakeFiles/evpi_interfaces__python.dir/rosidl_generator_py/evpi_interfaces/msg/_multi_range_s.c.o[0m
[7.077s] [ 82%] [32mBuilding C object CMakeFiles/evpi_interfaces__python.dir/rosidl_generator_py/evpi_interfaces/msg/_mode_s.c.o[0m
[7.305s] [ 84%] [32m[1mLinking C shared library rosidl_generator_py/evpi_interfaces/libevpi_interfaces__python.so[0m
[7.367s] [ 84%] Built target evpi_interfaces__python
[7.375s] [35m[1mScanning dependencies of target evpi_interfaces__rosidl_typesupport_c__pyext[0m
[7.375s] [35m[1mScanning dependencies of target evpi_interfaces__rosidl_typesupport_introspection_c__pyext[0m
[7.375s] [35m[1mScanning dependencies of target evpi_interfaces__rosidl_typesupport_fastrtps_c__pyext[0m
[7.399s] [ 87%] [32mBuilding C object CMakeFiles/evpi_interfaces__rosidl_typesupport_introspection_c__pyext.dir/rosidl_generator_py/evpi_interfaces/_evpi_interfaces_s.ep.rosidl_typesupport_introspection_c.c.o[0m
[7.411s] [ 89%] [32mBuilding C object CMakeFiles/evpi_interfaces__rosidl_typesupport_c__pyext.dir/rosidl_generator_py/evpi_interfaces/_evpi_interfaces_s.ep.rosidl_typesupport_c.c.o[0m
[7.412s] [ 92%] [32mBuilding C object CMakeFiles/evpi_interfaces__rosidl_typesupport_fastrtps_c__pyext.dir/rosidl_generator_py/evpi_interfaces/_evpi_interfaces_s.ep.rosidl_typesupport_fastrtps_c.c.o[0m
[7.456s] [ 94%] [32m[1mLinking C shared library rosidl_generator_py/evpi_interfaces/evpi_interfaces_s__rosidl_typesupport_introspection_c.cpython-38-x86_64-linux-gnu.so[0m
[7.467s] [ 97%] [32m[1mLinking C shared library rosidl_generator_py/evpi_interfaces/evpi_interfaces_s__rosidl_typesupport_c.cpython-38-x86_64-linux-gnu.so[0m
[7.468s] [100%] [32m[1mLinking CXX shared library rosidl_generator_py/evpi_interfaces/evpi_interfaces_s__rosidl_typesupport_fastrtps_c.cpython-38-x86_64-linux-gnu.so[0m
[7.484s] [100%] Built target evpi_interfaces__rosidl_typesupport_introspection_c__pyext
[7.494s] [100%] Built target evpi_interfaces__rosidl_typesupport_c__pyext
[7.515s] [100%] Built target evpi_interfaces__rosidl_typesupport_fastrtps_c__pyext
[7.525s] Invoked command in '/home/crazyrobot/evpi_ws/build/evpi_interfaces' returned '0': CMAKE_PREFIX_PATH=${CMAKE_PREFIX_PATH}:/opt/ros/foxy /usr/bin/cmake --build /home/crazyrobot/evpi_ws/build/evpi_interfaces -- -j16 -l16
[7.566s] Invoking command in '/home/crazyrobot/evpi_ws/build/evpi_interfaces': CMAKE_PREFIX_PATH=${CMAKE_PREFIX_PATH}:/opt/ros/foxy /usr/bin/cmake --install /home/crazyrobot/evpi_ws/build/evpi_interfaces
[7.574s] -- Install configuration: ""
[7.574s] -- Installing: /home/crazyrobot/evpi_ws/install/evpi_interfaces/share/ament_index/resource_index/rosidl_interfaces/evpi_interfaces
[7.574s] -- Installing: /home/crazyrobot/evpi_ws/install/evpi_interfaces/include/evpi_interfaces
[7.574s] -- Installing: /home/crazyrobot/evpi_ws/install/evpi_interfaces/include/evpi_interfaces/msg
[7.574s] -- Installing: /home/crazyrobot/evpi_ws/install/evpi_interfaces/include/evpi_interfaces/msg/rosidl_generator_c__visibility_control.h
[7.574s] -- Installing: /home/crazyrobot/evpi_ws/install/evpi_interfaces/include/evpi_interfaces/msg/detail
[7.574s] -- Installing: /home/crazyrobot/evpi_ws/install/evpi_interfaces/include/evpi_interfaces/msg/detail/multi_range__struct.h
[7.574s] -- Installing: /home/crazyrobot/evpi_ws/install/evpi_interfaces/include/evpi_interfaces/msg/detail/mode__functions.h
[7.574s] -- Installing: /home/crazyrobot/evpi_ws/install/evpi_interfaces/include/evpi_interfaces/msg/detail/multi_range__functions.c
[7.574s] -- Installing: /home/crazyrobot/evpi_ws/install/evpi_interfaces/include/evpi_interfaces/msg/detail/multi_range__functions.h
[7.574s] -- Installing: /home/crazyrobot/evpi_ws/install/evpi_interfaces/include/evpi_interfaces/msg/detail/multi_range__type_support.h
[7.575s] -- Installing: /home/crazyrobot/evpi_ws/install/evpi_interfaces/include/evpi_interfaces/msg/detail/mode__functions.c
[7.575s] -- Installing: /home/crazyrobot/evpi_ws/install/evpi_interfaces/include/evpi_interfaces/msg/detail/mode__type_support.h
[7.575s] -- Installing: /home/crazyrobot/evpi_ws/install/evpi_interfaces/include/evpi_interfaces/msg/detail/mode__struct.h
[7.575s] -- Installing: /home/crazyrobot/evpi_ws/install/evpi_interfaces/include/evpi_interfaces/msg/multi_range.h
[7.575s] -- Installing: /home/crazyrobot/evpi_ws/install/evpi_interfaces/include/evpi_interfaces/msg/mode.h
[7.575s] -- Installing: /home/crazyrobot/evpi_ws/install/evpi_interfaces/share/evpi_interfaces/environment/library_path.sh
[7.575s] -- Installing: /home/crazyrobot/evpi_ws/install/evpi_interfaces/share/evpi_interfaces/environment/library_path.dsv
[7.575s] -- Installing: /home/crazyrobot/evpi_ws/install/evpi_interfaces/lib/libevpi_interfaces__rosidl_generator_c.so
[7.575s] -- Set runtime path of "/home/crazyrobot/evpi_ws/install/evpi_interfaces/lib/libevpi_interfaces__rosidl_generator_c.so" to ""
[7.575s] -- Up-to-date: /home/crazyrobot/evpi_ws/install/evpi_interfaces/include/evpi_interfaces
[7.575s] -- Up-to-date: /home/crazyrobot/evpi_ws/install/evpi_interfaces/include/evpi_interfaces/msg
[7.575s] -- Installing: /home/crazyrobot/evpi_ws/install/evpi_interfaces/include/evpi_interfaces/msg/rosidl_typesupport_fastrtps_c__visibility_control.h
[7.575s] -- Up-to-date: /home/crazyrobot/evpi_ws/install/evpi_interfaces/include/evpi_interfaces/msg/detail
[7.575s] -- Installing: /home/crazyrobot/evpi_ws/install/evpi_interfaces/include/evpi_interfaces/msg/detail/mode__rosidl_typesupport_fastrtps_c.h
[7.575s] -- Installing: /home/crazyrobot/evpi_ws/install/evpi_interfaces/include/evpi_interfaces/msg/detail/multi_range__rosidl_typesupport_fastrtps_c.h
[7.575s] -- Installing: /home/crazyrobot/evpi_ws/install/evpi_interfaces/lib/libevpi_interfaces__rosidl_typesupport_fastrtps_c.so
[7.576s] -- Set runtime path of "/home/crazyrobot/evpi_ws/install/evpi_interfaces/lib/libevpi_interfaces__rosidl_typesupport_fastrtps_c.so" to ""
[7.576s] -- Up-to-date: /home/crazyrobot/evpi_ws/install/evpi_interfaces/include/evpi_interfaces
[7.576s] -- Up-to-date: /home/crazyrobot/evpi_ws/install/evpi_interfaces/include/evpi_interfaces/msg
[7.576s] -- Installing: /home/crazyrobot/evpi_ws/install/evpi_interfaces/include/evpi_interfaces/msg/rosidl_typesupport_fastrtps_cpp__visibility_control.h
[7.576s] -- Up-to-date: /home/crazyrobot/evpi_ws/install/evpi_interfaces/include/evpi_interfaces/msg/detail
[7.576s] -- Installing: /home/crazyrobot/evpi_ws/install/evpi_interfaces/include/evpi_interfaces/msg/detail/dds_fastrtps
[7.576s] -- Installing: /home/crazyrobot/evpi_ws/install/evpi_interfaces/include/evpi_interfaces/msg/detail/mode__rosidl_typesupport_fastrtps_cpp.hpp
[7.576s] -- Installing: /home/crazyrobot/evpi_ws/install/evpi_interfaces/include/evpi_interfaces/msg/detail/multi_range__rosidl_typesupport_fastrtps_cpp.hpp
[7.576s] -- Installing: /home/crazyrobot/evpi_ws/install/evpi_interfaces/lib/libevpi_interfaces__rosidl_typesupport_fastrtps_cpp.so
[7.576s] -- Set runtime path of "/home/crazyrobot/evpi_ws/install/evpi_interfaces/lib/libevpi_interfaces__rosidl_typesupport_fastrtps_cpp.so" to ""
[7.576s] -- Up-to-date: /home/crazyrobot/evpi_ws/install/evpi_interfaces/include/evpi_interfaces
[7.576s] -- Up-to-date: /home/crazyrobot/evpi_ws/install/evpi_interfaces/include/evpi_interfaces/msg
[7.576s] -- Up-to-date: /home/crazyrobot/evpi_ws/install/evpi_interfaces/include/evpi_interfaces/msg/detail
[7.576s] -- Installing: /home/crazyrobot/evpi_ws/install/evpi_interfaces/include/evpi_interfaces/msg/detail/multi_range__rosidl_typesupport_introspection_c.h
[7.576s] -- Installing: /home/crazyrobot/evpi_ws/install/evpi_interfaces/include/evpi_interfaces/msg/detail/mode__rosidl_typesupport_introspection_c.h
[7.576s] -- Installing: /home/crazyrobot/evpi_ws/install/evpi_interfaces/include/evpi_interfaces/msg/detail/multi_range__type_support.c
[7.576s] -- Installing: /home/crazyrobot/evpi_ws/install/evpi_interfaces/include/evpi_interfaces/msg/detail/mode__type_support.c
[7.577s] -- Installing: /home/crazyrobot/evpi_ws/install/evpi_interfaces/include/evpi_interfaces/msg/rosidl_typesupport_introspection_c__visibility_control.h
[7.577s] -- Installing: /home/crazyrobot/evpi_ws/install/evpi_interfaces/lib/libevpi_interfaces__rosidl_typesupport_introspection_c.so
[7.577s] -- Set runtime path of "/home/crazyrobot/evpi_ws/install/evpi_interfaces/lib/libevpi_interfaces__rosidl_typesupport_introspection_c.so" to ""
[7.577s] -- Installing: /home/crazyrobot/evpi_ws/install/evpi_interfaces/lib/libevpi_interfaces__rosidl_typesupport_c.so
[7.577s] -- Set runtime path of "/home/crazyrobot/evpi_ws/install/evpi_interfaces/lib/libevpi_interfaces__rosidl_typesupport_c.so" to ""
[7.577s] -- Up-to-date: /home/crazyrobot/evpi_ws/install/evpi_interfaces/include/evpi_interfaces
[7.577s] -- Up-to-date: /home/crazyrobot/evpi_ws/install/evpi_interfaces/include/evpi_interfaces/msg
[7.577s] -- Up-to-date: /home/crazyrobot/evpi_ws/install/evpi_interfaces/include/evpi_interfaces/msg/detail
[7.577s] -- Installing: /home/crazyrobot/evpi_ws/install/evpi_interfaces/include/evpi_interfaces/msg/detail/mode__traits.hpp
[7.577s] -- Installing: /home/crazyrobot/evpi_ws/install/evpi_interfaces/include/evpi_interfaces/msg/detail/multi_range__traits.hpp
[7.577s] -- Installing: /home/crazyrobot/evpi_ws/install/evpi_interfaces/include/evpi_interfaces/msg/detail/mode__struct.hpp
[7.577s] -- Installing: /home/crazyrobot/evpi_ws/install/evpi_interfaces/include/evpi_interfaces/msg/detail/mode__builder.hpp
[7.577s] -- Installing: /home/crazyrobot/evpi_ws/install/evpi_interfaces/include/evpi_interfaces/msg/detail/multi_range__struct.hpp
[7.577s] -- Installing: /home/crazyrobot/evpi_ws/install/evpi_interfaces/include/evpi_interfaces/msg/detail/multi_range__builder.hpp
[7.577s] -- Installing: /home/crazyrobot/evpi_ws/install/evpi_interfaces/include/evpi_interfaces/msg/multi_range.hpp
[7.577s] -- Installing: /home/crazyrobot/evpi_ws/install/evpi_interfaces/include/evpi_interfaces/msg/mode.hpp
[7.578s] -- Up-to-date: /home/crazyrobot/evpi_ws/install/evpi_interfaces/include/evpi_interfaces
[7.578s] -- Up-to-date: /home/crazyrobot/evpi_ws/install/evpi_interfaces/include/evpi_interfaces/msg
[7.578s] -- Up-to-date: /home/crazyrobot/evpi_ws/install/evpi_interfaces/include/evpi_interfaces/msg/detail
[7.578s] -- Installing: /home/crazyrobot/evpi_ws/install/evpi_interfaces/include/evpi_interfaces/msg/detail/mode__type_support.cpp
[7.578s] -- Installing: /home/crazyrobot/evpi_ws/install/evpi_interfaces/include/evpi_interfaces/msg/detail/mode__rosidl_typesupport_introspection_cpp.hpp
[7.578s] -- Installing: /home/crazyrobot/evpi_ws/install/evpi_interfaces/include/evpi_interfaces/msg/detail/multi_range__type_support.cpp
[7.578s] -- Installing: /home/crazyrobot/evpi_ws/install/evpi_interfaces/include/evpi_interfaces/msg/detail/multi_range__rosidl_typesupport_introspection_cpp.hpp
[7.578s] -- Installing: /home/crazyrobot/evpi_ws/install/evpi_interfaces/lib/libevpi_interfaces__rosidl_typesupport_introspection_cpp.so
[7.578s] -- Set runtime path of "/home/crazyrobot/evpi_ws/install/evpi_interfaces/lib/libevpi_interfaces__rosidl_typesupport_introspection_cpp.so" to ""
[7.578s] -- Installing: /home/crazyrobot/evpi_ws/install/evpi_interfaces/lib/libevpi_interfaces__rosidl_typesupport_cpp.so
[7.578s] -- Set runtime path of "/home/crazyrobot/evpi_ws/install/evpi_interfaces/lib/libevpi_interfaces__rosidl_typesupport_cpp.so" to ""
[7.578s] -- Installing: /home/crazyrobot/evpi_ws/install/evpi_interfaces/share/evpi_interfaces/environment/pythonpath.sh
[7.578s] -- Installing: /home/crazyrobot/evpi_ws/install/evpi_interfaces/share/evpi_interfaces/environment/pythonpath.dsv
[7.578s] -- Installing: /home/crazyrobot/evpi_ws/install/evpi_interfaces/lib/python3.8/site-packages/evpi_interfaces/__init__.py
[7.599s] Compiling '/home/crazyrobot/evpi_ws/install/evpi_interfaces/lib/python3.8/site-packages/evpi_interfaces/__init__.py'...
[7.602s] -- Installing: /home/crazyrobot/evpi_ws/install/evpi_interfaces/lib/python3.8/site-packages/evpi_interfaces/msg
[7.602s] -- Installing: /home/crazyrobot/evpi_ws/install/evpi_interfaces/lib/python3.8/site-packages/evpi_interfaces/msg/_mode_s.c
[7.602s] -- Installing: /home/crazyrobot/evpi_ws/install/evpi_interfaces/lib/python3.8/site-packages/evpi_interfaces/msg/_multi_range_s.c
[7.602s] -- Installing: /home/crazyrobot/evpi_ws/install/evpi_interfaces/lib/python3.8/site-packages/evpi_interfaces/msg/_mode.py
[7.602s] -- Installing: /home/crazyrobot/evpi_ws/install/evpi_interfaces/lib/python3.8/site-packages/evpi_interfaces/msg/__init__.py
[7.602s] -- Installing: /home/crazyrobot/evpi_ws/install/evpi_interfaces/lib/python3.8/site-packages/evpi_interfaces/msg/_multi_range.py
[7.602s] -- Installing: /home/crazyrobot/evpi_ws/install/evpi_interfaces/lib/python3.8/site-packages/evpi_interfaces/evpi_interfaces_s__rosidl_typesupport_fastrtps_c.cpython-38-x86_64-linux-gnu.so
[7.602s] -- Set runtime path of "/home/crazyrobot/evpi_ws/install/evpi_interfaces/lib/python3.8/site-packages/evpi_interfaces/evpi_interfaces_s__rosidl_typesupport_fastrtps_c.cpython-38-x86_64-linux-gnu.so" to ""
[7.602s] -- Installing: /home/crazyrobot/evpi_ws/install/evpi_interfaces/lib/python3.8/site-packages/evpi_interfaces/evpi_interfaces_s__rosidl_typesupport_introspection_c.cpython-38-x86_64-linux-gnu.so
[7.603s] -- Set runtime path of "/home/crazyrobot/evpi_ws/install/evpi_interfaces/lib/python3.8/site-packages/evpi_interfaces/evpi_interfaces_s__rosidl_typesupport_introspection_c.cpython-38-x86_64-linux-gnu.so" to ""
[7.603s] -- Installing: /home/crazyrobot/evpi_ws/install/evpi_interfaces/lib/python3.8/site-packages/evpi_interfaces/evpi_interfaces_s__rosidl_typesupport_c.cpython-38-x86_64-linux-gnu.so
[7.603s] -- Set runtime path of "/home/crazyrobot/evpi_ws/install/evpi_interfaces/lib/python3.8/site-packages/evpi_interfaces/evpi_interfaces_s__rosidl_typesupport_c.cpython-38-x86_64-linux-gnu.so" to ""
[7.603s] -- Installing: /home/crazyrobot/evpi_ws/install/evpi_interfaces/lib/libevpi_interfaces__python.so
[7.603s] -- Set runtime path of "/home/crazyrobot/evpi_ws/install/evpi_interfaces/lib/libevpi_interfaces__python.so" to ""
[7.603s] -- Installing: /home/crazyrobot/evpi_ws/install/evpi_interfaces/share/evpi_interfaces/msg/Mode.idl
[7.603s] -- Installing: /home/crazyrobot/evpi_ws/install/evpi_interfaces/share/evpi_interfaces/msg/MultiRange.idl
[7.603s] -- Installing: /home/crazyrobot/evpi_ws/install/evpi_interfaces/share/evpi_interfaces/msg/Mode.msg
[7.603s] -- Installing: /home/crazyrobot/evpi_ws/install/evpi_interfaces/share/evpi_interfaces/msg/MultiRange.msg
[7.604s] -- Installing: /home/crazyrobot/evpi_ws/install/evpi_interfaces/share/ament_index/resource_index/package_run_dependencies/evpi_interfaces
[7.604s] -- Installing: /home/crazyrobot/evpi_ws/install/evpi_interfaces/share/ament_index/resource_index/parent_prefix_path/evpi_interfaces
[7.604s] -- Installing: /home/crazyrobot/evpi_ws/install/evpi_interfaces/share/evpi_interfaces/environment/ament_prefix_path.sh
[7.604s] -- Installing: /home/crazyrobot/evpi_ws/install/evpi_interfaces/share/evpi_interfaces/environment/ament_prefix_path.dsv
[7.604s] -- Installing: /home/crazyrobot/evpi_ws/install/evpi_interfaces/share/evpi_interfaces/environment/path.sh
[7.604s] -- Installing: /home/crazyrobot/evpi_ws/install/evpi_interfaces/share/evpi_interfaces/environment/path.dsv
[7.604s] -- Installing: /home/crazyrobot/evpi_ws/install/evpi_interfaces/share/evpi_interfaces/local_setup.bash
[7.604s] -- Installing: /home/crazyrobot/evpi_ws/install/evpi_interfaces/share/evpi_interfaces/local_setup.sh
[7.604s] -- Installing: /home/crazyrobot/evpi_ws/install/evpi_interfaces/share/evpi_interfaces/local_setup.zsh
[7.604s] -- Installing: /home/crazyrobot/evpi_ws/install/evpi_interfaces/share/evpi_interfaces/local_setup.dsv
[7.604s] -- Installing: /home/crazyrobot/evpi_ws/install/evpi_interfaces/share/evpi_interfaces/package.dsv
[7.604s] -- Installing: /home/crazyrobot/evpi_ws/install/evpi_interfaces/share/ament_index/resource_index/packages/evpi_interfaces
[7.605s] -- Installing: /home/crazyrobot/evpi_ws/install/evpi_interfaces/share/evpi_interfaces/cmake/evpi_interfaces__rosidl_generator_cExport.cmake
[7.605s] -- Installing: /home/crazyrobot/evpi_ws/install/evpi_interfaces/share/evpi_interfaces/cmake/evpi_interfaces__rosidl_generator_cExport-noconfig.cmake
[7.605s] -- Installing: /home/crazyrobot/evpi_ws/install/evpi_interfaces/share/evpi_interfaces/cmake/evpi_interfaces__rosidl_typesupport_introspection_cExport.cmake
[7.605s] -- Installing: /home/crazyrobot/evpi_ws/install/evpi_interfaces/share/evpi_interfaces/cmake/evpi_interfaces__rosidl_typesupport_introspection_cExport-noconfig.cmake
[7.605s] -- Installing: /home/crazyrobot/evpi_ws/install/evpi_interfaces/share/evpi_interfaces/cmake/evpi_interfaces__rosidl_typesupport_cExport.cmake
[7.605s] -- Installing: /home/crazyrobot/evpi_ws/install/evpi_interfaces/share/evpi_interfaces/cmake/evpi_interfaces__rosidl_typesupport_cExport-noconfig.cmake
[7.605s] -- Installing: /home/crazyrobot/evpi_ws/install/evpi_interfaces/share/evpi_interfaces/cmake/evpi_interfaces__rosidl_generator_cppExport.cmake
[7.605s] -- Installing: /home/crazyrobot/evpi_ws/install/evpi_interfaces/share/evpi_interfaces/cmake/evpi_interfaces__rosidl_typesupport_introspection_cppExport.cmake
[7.605s] -- Installing: /home/crazyrobot/evpi_ws/install/evpi_interfaces/share/evpi_interfaces/cmake/evpi_interfaces__rosidl_typesupport_introspection_cppExport-noconfig.cmake
[7.606s] -- Installing: /home/crazyrobot/evpi_ws/install/evpi_interfaces/share/evpi_interfaces/cmake/evpi_interfaces__rosidl_typesupport_cppExport.cmake
[7.606s] -- Installing: /home/crazyrobot/evpi_ws/install/evpi_interfaces/share/evpi_interfaces/cmake/evpi_interfaces__rosidl_typesupport_cppExport-noconfig.cmake
[7.606s] -- Installing: /home/crazyrobot/evpi_ws/install/evpi_interfaces/share/evpi_interfaces/cmake/rosidl_cmake-extras.cmake
[7.606s] -- Installing: /home/crazyrobot/evpi_ws/install/evpi_interfaces/share/evpi_interfaces/cmake/ament_cmake_export_dependencies-extras.cmake
[7.606s] -- Installing: /home/crazyrobot/evpi_ws/install/evpi_interfaces/share/evpi_interfaces/cmake/ament_cmake_export_libraries-extras.cmake
[7.606s] -- Installing: /home/crazyrobot/evpi_ws/install/evpi_interfaces/share/evpi_interfaces/cmake/ament_cmake_export_targets-extras.cmake
[7.606s] -- Installing: /home/crazyrobot/evpi_ws/install/evpi_interfaces/share/evpi_interfaces/cmake/ament_cmake_export_include_directories-extras.cmake
[7.606s] -- Installing: /home/crazyrobot/evpi_ws/install/evpi_interfaces/share/evpi_interfaces/cmake/rosidl_cmake_export_typesupport_libraries-extras.cmake
[7.606s] -- Installing: /home/crazyrobot/evpi_ws/install/evpi_interfaces/share/evpi_interfaces/cmake/rosidl_cmake_export_typesupport_targets-extras.cmake
[7.606s] -- Installing: /home/crazyrobot/evpi_ws/install/evpi_interfaces/share/evpi_interfaces/cmake/evpi_interfacesConfig.cmake
[7.606s] -- Installing: /home/crazyrobot/evpi_ws/install/evpi_interfaces/share/evpi_interfaces/cmake/evpi_interfacesConfig-version.cmake
[7.606s] -- Installing: /home/crazyrobot/evpi_ws/install/evpi_interfaces/share/evpi_interfaces/package.xml
[7.608s] Invoked command in '/home/crazyrobot/evpi_ws/build/evpi_interfaces' returned '0': CMAKE_PREFIX_PATH=${CMAKE_PREFIX_PATH}:/opt/ros/foxy /usr/bin/cmake --install /home/crazyrobot/evpi_ws/build/evpi_interfaces
