-- The C compiler identification is GNU 9.4.0
-- The CXX compiler identification is GNU 9.4.0
-- Check for working C compiler: /usr/bin/cc
-- Check for working C compiler: /usr/bin/cc -- works
-- Detecting C compiler ABI info
-- Detecting C compiler ABI info - done
-- Detecting C compile features
-- Detecting C compile features - done
-- Check for working CXX compiler: /usr/bin/c++
-- Check for working CXX compiler: /usr/bin/c++ -- works
-- Detecting CXX compiler ABI info
-- Detecting CXX compiler ABI info - done
-- Detecting CXX compile features
-- Detecting CXX compile features - done
-- Found ament_cmake: 0.9.9 (/opt/ros/foxy/share/ament_cmake/cmake)
-- Found PythonInterp: /usr/bin/python3 (found suitable version "3.8.10", minimum required is "3") 
-- Using PYTHON_EXECUTABLE: /usr/bin/python3
-- Found rclcpp: 2.4.1 (/opt/ros/foxy/share/rclcpp/cmake)
-- Using all available rosidl_typesupport_c: rosidl_typesupport_fastrtps_c;rosidl_typesupport_introspection_c
-- Found rosidl_adapter: 1.2.1 (/opt/ros/foxy/share/rosidl_adapter/cmake)
-- Found OpenSSL: /usr/lib/x86_64-linux-gnu/libcrypto.so (found version "1.1.1f")  
-- Found FastRTPS: /opt/ros/foxy/include  
-- Using all available rosidl_typesupport_cpp: rosidl_typesupport_fastrtps_cpp;rosidl_typesupport_introspection_cpp
-- Found rmw_implementation_cmake: 1.0.3 (/opt/ros/foxy/share/rmw_implementation_cmake/cmake)
-- Using RMW implementation 'rmw_fastrtps_cpp' as default
-- Looking for pthread.h
-- Looking for pthread.h - found
-- Performing Test CMAKE_HAVE_LIBC_PTHREAD
-- Performing Test CMAKE_HAVE_LIBC_PTHREAD - Failed
-- Looking for pthread_create in pthreads
-- Looking for pthread_create in pthreads - not found
-- Looking for pthread_create in pthread
-- Looking for pthread_create in pthread - found
-- Found Threads: TRUE  
-- Found geometry_msgs: 2.0.5 (/opt/ros/foxy/share/geometry_msgs/cmake)
-- Found ackermann_msgs: 2.0.2 (/opt/ros/foxy/share/ackermann_msgs/cmake)
-- Found can_msgs: 2.0.0 (/opt/ros/foxy/share/can_msgs/cmake)
-- Configuring done
-- Generating done
-- Build files have been written to: /home/crazyrobot/evpi_ws/build/evpi_drive
[35m[1mScanning dependencies of target twist_2_ackermann[0m
[35m[1mScanning dependencies of target motor_controll[0m
[ 50%] [32mBuilding CXX object CMakeFiles/twist_2_ackermann.dir/src/twist_2_ackermann.cpp.o[0m
[ 50%] [32mBuilding CXX object CMakeFiles/motor_controll.dir/src/motor_controll.cpp.o[0m
[01m[K/home/crazyrobot/evpi_ws/src/evpi_drive/src/motor_controll.cpp:[m[K In member function ‘[01m[Kvoid MotorControll::ackermann_callback(ackermann_msgs::msg::AckermannDrive_<std::allocator<void> >::SharedPtr)[m[K’:
[01m[K/home/crazyrobot/evpi_ws/src/evpi_drive/src/motor_controll.cpp:84:19:[m[K [01;35m[Kwarning: [m[Kunused variable ‘[01m[Kbrake_pos[m[K’ [[01;35m[K-Wunused-variable[m[K]
   84 |     static double [01;35m[Kbrake_pos[m[K;
      |                   [01;35m[K^~~~~~~~~[m[K
[01m[K/home/crazyrobot/evpi_ws/src/evpi_drive/src/motor_controll.cpp:86:13:[m[K [01;35m[Kwarning: [m[Kunused variable ‘[01m[Ksteer_message[m[K’ [[01;35m[K-Wunused-variable[m[K]
   86 |     uint8_t [01;35m[Ksteer_message[m[K[4];
      |             [01;35m[K^~~~~~~~~~~~~[m[K
[01m[K/home/crazyrobot/evpi_ws/src/evpi_drive/src/motor_controll.cpp:[m[K At global scope:
[01m[K/home/crazyrobot/evpi_ws/src/evpi_drive/src/motor_controll.cpp:84:19:[m[K [01;35m[Kwarning: [m[K‘[01m[Kbrake_pos[m[K’ defined but not used [[01;35m[K-Wunused-variable[m[K]
   84 |     static double [01;35m[Kbrake_pos[m[K;
      |                   [01;35m[K^~~~~~~~~[m[K
[ 75%] [32m[1mLinking CXX executable twist_2_ackermann[0m
[100%] [32m[1mLinking CXX executable motor_controll[0m
[100%] Built target motor_controll
[100%] Built target twist_2_ackermann
-- Install configuration: ""
-- Installing: /home/crazyrobot/evpi_ws/install/evpi_drive/share/evpi_drive/launch
-- Installing: /home/crazyrobot/evpi_ws/install/evpi_drive/share/evpi_drive/launch/drive_controller.launch.py
-- Installing: /home/crazyrobot/evpi_ws/install/evpi_drive/share/evpi_drive/config
-- Installing: /home/crazyrobot/evpi_ws/install/evpi_drive/share/evpi_drive/config/vesc_middrive
-- Installing: /home/crazyrobot/evpi_ws/install/evpi_drive/share/evpi_drive/config/vesc_middrive/app_config.xml
-- Installing: /home/crazyrobot/evpi_ws/install/evpi_drive/share/evpi_drive/config/vesc_middrive/motor_config.xml
-- Installing: /home/crazyrobot/evpi_ws/install/evpi_drive/share/evpi_drive/config/evpi.yaml
-- Installing: /home/crazyrobot/evpi_ws/install/evpi_drive/share/evpi_drive/include
-- Installing: /home/crazyrobot/evpi_ws/install/evpi_drive/share/evpi_drive/include/evpi_drive
-- Installing: /home/crazyrobot/evpi_ws/install/evpi_drive/share/evpi_drive/include/evpi_drive/motor_controll.hpp
-- Installing: /home/crazyrobot/evpi_ws/install/evpi_drive/lib/evpi_drive/twist_2_ackermann
-- Set runtime path of "/home/crazyrobot/evpi_ws/install/evpi_drive/lib/evpi_drive/twist_2_ackermann" to ""
-- Installing: /home/crazyrobot/evpi_ws/install/evpi_drive/lib/evpi_drive/motor_controll
-- Set runtime path of "/home/crazyrobot/evpi_ws/install/evpi_drive/lib/evpi_drive/motor_controll" to ""
-- Installing: /home/crazyrobot/evpi_ws/install/evpi_drive/share/ament_index/resource_index/package_run_dependencies/evpi_drive
-- Installing: /home/crazyrobot/evpi_ws/install/evpi_drive/share/ament_index/resource_index/parent_prefix_path/evpi_drive
-- Installing: /home/crazyrobot/evpi_ws/install/evpi_drive/share/evpi_drive/environment/ament_prefix_path.sh
-- Installing: /home/crazyrobot/evpi_ws/install/evpi_drive/share/evpi_drive/environment/ament_prefix_path.dsv
-- Installing: /home/crazyrobot/evpi_ws/install/evpi_drive/share/evpi_drive/environment/path.sh
-- Installing: /home/crazyrobot/evpi_ws/install/evpi_drive/share/evpi_drive/environment/path.dsv
-- Installing: /home/crazyrobot/evpi_ws/install/evpi_drive/share/evpi_drive/local_setup.bash
-- Installing: /home/crazyrobot/evpi_ws/install/evpi_drive/share/evpi_drive/local_setup.sh
-- Installing: /home/crazyrobot/evpi_ws/install/evpi_drive/share/evpi_drive/local_setup.zsh
-- Installing: /home/crazyrobot/evpi_ws/install/evpi_drive/share/evpi_drive/local_setup.dsv
-- Installing: /home/crazyrobot/evpi_ws/install/evpi_drive/share/evpi_drive/package.dsv
-- Installing: /home/crazyrobot/evpi_ws/install/evpi_drive/share/ament_index/resource_index/packages/evpi_drive
-- Installing: /home/crazyrobot/evpi_ws/install/evpi_drive/share/evpi_drive/cmake/evpi_driveConfig.cmake
-- Installing: /home/crazyrobot/evpi_ws/install/evpi_drive/share/evpi_drive/cmake/evpi_driveConfig-version.cmake
-- Installing: /home/crazyrobot/evpi_ws/install/evpi_drive/share/evpi_drive/package.xml
