[0.015s] Invoking command in '/home/crazyrobot/evpi_ws/build/evpi_drive': CMAKE_PREFIX_PATH=${CMAKE_PREFIX_PATH}:/opt/ros/foxy /usr/bin/cmake /home/crazyrobot/evpi_ws/src/evpi_drive -DCMAKE_INSTALL_PREFIX=/home/crazyrobot/evpi_ws/install/evpi_drive
[0.994s] -- The C compiler identification is GNU 9.4.0
[1.785s] -- The CXX compiler identification is GNU 9.4.0
[1.851s] -- Check for working C compiler: /usr/bin/cc
[1.930s] -- Check for working C compiler: /usr/bin/cc -- works
[1.931s] -- Detecting C compiler ABI info
[1.995s] -- Detecting C compiler ABI info - done
[2.003s] -- Detecting C compile features
[2.004s] -- Detecting C compile features - done
[2.006s] -- Check for working CXX compiler: /usr/bin/c++
[2.057s] -- Check for working CXX compiler: /usr/bin/c++ -- works
[2.058s] -- Detecting CXX compiler ABI info
[2.109s] -- Detecting CXX compiler ABI info - done
[2.124s] -- Detecting CXX compile features
[2.125s] -- Detecting CXX compile features - done
[2.161s] -- Found ament_cmake: 0.9.9 (/opt/ros/foxy/share/ament_cmake/cmake)
[2.206s] -- Found PythonInterp: /usr/bin/python3 (found suitable version "3.8.10", minimum required is "3") 
[2.206s] -- Using PYTHON_EXECUTABLE: /usr/bin/python3
[2.426s] -- Found rclcpp: 2.4.1 (/opt/ros/foxy/share/rclcpp/cmake)
[2.611s] -- Using all available rosidl_typesupport_c: rosidl_typesupport_fastrtps_c;rosidl_typesupport_introspection_c
[2.617s] -- Found rosidl_adapter: 1.2.1 (/opt/ros/foxy/share/rosidl_adapter/cmake)
[2.783s] -- Found OpenSSL: /usr/lib/x86_64-linux-gnu/libcrypto.so (found version "1.1.1f")  
[2.814s] -- Found FastRTPS: /opt/ros/foxy/include  
[2.910s] -- Using all available rosidl_typesupport_cpp: rosidl_typesupport_fastrtps_cpp;rosidl_typesupport_introspection_cpp
[2.989s] -- Found rmw_implementation_cmake: 1.0.3 (/opt/ros/foxy/share/rmw_implementation_cmake/cmake)
[2.990s] -- Using RMW implementation 'rmw_fastrtps_cpp' as default
[3.007s] -- Looking for pthread.h
[3.151s] -- Looking for pthread.h - found
[3.151s] -- Performing Test CMAKE_HAVE_LIBC_PTHREAD
[3.205s] -- Performing Test CMAKE_HAVE_LIBC_PTHREAD - Failed
[3.205s] -- Looking for pthread_create in pthreads
[3.260s] -- Looking for pthread_create in pthreads - not found
[3.260s] -- Looking for pthread_create in pthread
[3.303s] -- Looking for pthread_create in pthread - found
[3.304s] -- Found Threads: TRUE  
[3.457s] -- Found geometry_msgs: 2.0.5 (/opt/ros/foxy/share/geometry_msgs/cmake)
[3.498s] -- Found ackermann_msgs: 2.0.2 (/opt/ros/foxy/share/ackermann_msgs/cmake)
[3.539s] -- Found can_msgs: 2.0.0 (/opt/ros/foxy/share/can_msgs/cmake)
[3.608s] -- Configuring done
[3.616s] -- Generating done
[3.617s] -- Build files have been written to: /home/crazyrobot/evpi_ws/build/evpi_drive
[3.623s] Invoked command in '/home/crazyrobot/evpi_ws/build/evpi_drive' returned '0': CMAKE_PREFIX_PATH=${CMAKE_PREFIX_PATH}:/opt/ros/foxy /usr/bin/cmake /home/crazyrobot/evpi_ws/src/evpi_drive -DCMAKE_INSTALL_PREFIX=/home/crazyrobot/evpi_ws/install/evpi_drive
[3.624s] Invoking command in '/home/crazyrobot/evpi_ws/build/evpi_drive': CMAKE_PREFIX_PATH=${CMAKE_PREFIX_PATH}:/opt/ros/foxy /usr/bin/cmake --build /home/crazyrobot/evpi_ws/build/evpi_drive -- -j16 -l16
[3.650s] [35m[1mScanning dependencies of target twist_2_ackermann[0m
[3.650s] [35m[1mScanning dependencies of target motor_controll[0m
[4.139s] [ 50%] [32mBuilding CXX object CMakeFiles/twist_2_ackermann.dir/src/twist_2_ackermann.cpp.o[0m
[4.139s] [ 50%] [32mBuilding CXX object CMakeFiles/motor_controll.dir/src/motor_controll.cpp.o[0m
[6.055s] [01m[K/home/crazyrobot/evpi_ws/src/evpi_drive/src/motor_controll.cpp:[m[K In member function ‘[01m[Kvoid MotorControll::ackermann_callback(ackermann_msgs::msg::AckermannDrive_<std::allocator<void> >::SharedPtr)[m[K’:
[6.055s] [01m[K/home/crazyrobot/evpi_ws/src/evpi_drive/src/motor_controll.cpp:84:19:[m[K [01;35m[Kwarning: [m[Kunused variable ‘[01m[Kbrake_pos[m[K’ [[01;35m[K-Wunused-variable[m[K]
[6.055s]    84 |     static double [01;35m[Kbrake_pos[m[K;
[6.055s]       |                   [01;35m[K^~~~~~~~~[m[K
[6.055s] [01m[K/home/crazyrobot/evpi_ws/src/evpi_drive/src/motor_controll.cpp:86:13:[m[K [01;35m[Kwarning: [m[Kunused variable ‘[01m[Ksteer_message[m[K’ [[01;35m[K-Wunused-variable[m[K]
[6.055s]    86 |     uint8_t [01;35m[Ksteer_message[m[K[4];
[6.055s]       |             [01;35m[K^~~~~~~~~~~~~[m[K
[7.223s] [01m[K/home/crazyrobot/evpi_ws/src/evpi_drive/src/motor_controll.cpp:[m[K At global scope:
[7.223s] [01m[K/home/crazyrobot/evpi_ws/src/evpi_drive/src/motor_controll.cpp:84:19:[m[K [01;35m[Kwarning: [m[K‘[01m[Kbrake_pos[m[K’ defined but not used [[01;35m[K-Wunused-variable[m[K]
[7.223s]    84 |     static double [01;35m[Kbrake_pos[m[K;
[7.223s]       |                   [01;35m[K^~~~~~~~~[m[K
[8.866s] [ 75%] [32m[1mLinking CXX executable twist_2_ackermann[0m
[9.110s] [100%] [32m[1mLinking CXX executable motor_controll[0m
[9.449s] [100%] Built target motor_controll
[9.451s] [100%] Built target twist_2_ackermann
[9.460s] Invoked command in '/home/crazyrobot/evpi_ws/build/evpi_drive' returned '0': CMAKE_PREFIX_PATH=${CMAKE_PREFIX_PATH}:/opt/ros/foxy /usr/bin/cmake --build /home/crazyrobot/evpi_ws/build/evpi_drive -- -j16 -l16
[9.482s] Invoking command in '/home/crazyrobot/evpi_ws/build/evpi_drive': CMAKE_PREFIX_PATH=${CMAKE_PREFIX_PATH}:/opt/ros/foxy /usr/bin/cmake --install /home/crazyrobot/evpi_ws/build/evpi_drive
[9.489s] -- Install configuration: ""
[9.489s] -- Installing: /home/crazyrobot/evpi_ws/install/evpi_drive/share/evpi_drive/launch
[9.491s] -- Installing: /home/crazyrobot/evpi_ws/install/evpi_drive/share/evpi_drive/launch/drive_controller.launch.py
[9.491s] -- Installing: /home/crazyrobot/evpi_ws/install/evpi_drive/share/evpi_drive/config
[9.491s] -- Installing: /home/crazyrobot/evpi_ws/install/evpi_drive/share/evpi_drive/config/vesc_middrive
[9.491s] -- Installing: /home/crazyrobot/evpi_ws/install/evpi_drive/share/evpi_drive/config/vesc_middrive/app_config.xml
[9.491s] -- Installing: /home/crazyrobot/evpi_ws/install/evpi_drive/share/evpi_drive/config/vesc_middrive/motor_config.xml
[9.492s] -- Installing: /home/crazyrobot/evpi_ws/install/evpi_drive/share/evpi_drive/config/evpi.yaml
[9.492s] -- Installing: /home/crazyrobot/evpi_ws/install/evpi_drive/share/evpi_drive/include
[9.492s] -- Installing: /home/crazyrobot/evpi_ws/install/evpi_drive/share/evpi_drive/include/evpi_drive
[9.492s] -- Installing: /home/crazyrobot/evpi_ws/install/evpi_drive/share/evpi_drive/include/evpi_drive/motor_controll.hpp
[9.492s] -- Installing: /home/crazyrobot/evpi_ws/install/evpi_drive/lib/evpi_drive/twist_2_ackermann
[9.492s] -- Set runtime path of "/home/crazyrobot/evpi_ws/install/evpi_drive/lib/evpi_drive/twist_2_ackermann" to ""
[9.492s] -- Installing: /home/crazyrobot/evpi_ws/install/evpi_drive/lib/evpi_drive/motor_controll
[9.492s] -- Set runtime path of "/home/crazyrobot/evpi_ws/install/evpi_drive/lib/evpi_drive/motor_controll" to ""
[9.493s] -- Installing: /home/crazyrobot/evpi_ws/install/evpi_drive/share/ament_index/resource_index/package_run_dependencies/evpi_drive
[9.493s] -- Installing: /home/crazyrobot/evpi_ws/install/evpi_drive/share/ament_index/resource_index/parent_prefix_path/evpi_drive
[9.493s] -- Installing: /home/crazyrobot/evpi_ws/install/evpi_drive/share/evpi_drive/environment/ament_prefix_path.sh
[9.493s] -- Installing: /home/crazyrobot/evpi_ws/install/evpi_drive/share/evpi_drive/environment/ament_prefix_path.dsv
[9.493s] -- Installing: /home/crazyrobot/evpi_ws/install/evpi_drive/share/evpi_drive/environment/path.sh
[9.493s] -- Installing: /home/crazyrobot/evpi_ws/install/evpi_drive/share/evpi_drive/environment/path.dsv
[9.493s] -- Installing: /home/crazyrobot/evpi_ws/install/evpi_drive/share/evpi_drive/local_setup.bash
[9.493s] -- Installing: /home/crazyrobot/evpi_ws/install/evpi_drive/share/evpi_drive/local_setup.sh
[9.493s] -- Installing: /home/crazyrobot/evpi_ws/install/evpi_drive/share/evpi_drive/local_setup.zsh
[9.493s] -- Installing: /home/crazyrobot/evpi_ws/install/evpi_drive/share/evpi_drive/local_setup.dsv
[9.493s] -- Installing: /home/crazyrobot/evpi_ws/install/evpi_drive/share/evpi_drive/package.dsv
[9.493s] -- Installing: /home/crazyrobot/evpi_ws/install/evpi_drive/share/ament_index/resource_index/packages/evpi_drive
[9.494s] -- Installing: /home/crazyrobot/evpi_ws/install/evpi_drive/share/evpi_drive/cmake/evpi_driveConfig.cmake
[9.494s] -- Installing: /home/crazyrobot/evpi_ws/install/evpi_drive/share/evpi_drive/cmake/evpi_driveConfig-version.cmake
[9.494s] -- Installing: /home/crazyrobot/evpi_ws/install/evpi_drive/share/evpi_drive/package.xml
[9.505s] Invoked command in '/home/crazyrobot/evpi_ws/build/evpi_drive' returned '0': CMAKE_PREFIX_PATH=${CMAKE_PREFIX_PATH}:/opt/ros/foxy /usr/bin/cmake --install /home/crazyrobot/evpi_ws/build/evpi_drive
