[ 25%] Built target following_node
[ 75%] Built target trilateration_mse_3d
[ 75%] Built target trilateration_mse
[100%] Built target hybrid_cosine
-- Install configuration: ""
-- Up-to-date: /home/crazyrobot/evpi_ws/install/evpi_uwb/share/evpi_uwb/launch
-- Up-to-date: /home/crazyrobot/evpi_ws/install/evpi_uwb/share/evpi_uwb/launch/uwb_hybrid.launch.py
-- Up-to-date: /home/crazyrobot/evpi_ws/install/evpi_uwb/share/evpi_uwb/launch/trilateration_mse.launch.py
-- Up-to-date: /home/crazyrobot/evpi_ws/install/evpi_uwb/share/evpi_uwb/launch/uwb_transceiver.launch.py
-- Up-to-date: /home/crazyrobot/evpi_ws/install/evpi_uwb/share/evpi_uwb/config
-- Up-to-date: /home/crazyrobot/evpi_ws/install/evpi_uwb/share/evpi_uwb/config/uwb.yaml
-- Up-to-date: /home/crazyrobot/evpi_ws/install/evpi_uwb/share/evpi_uwb/include
-- Up-to-date: /home/crazyrobot/evpi_ws/install/evpi_uwb/share/evpi_uwb/include/evpi_uwb
-- Up-to-date: /home/crazyrobot/evpi_ws/install/evpi_uwb/share/evpi_uwb/include/evpi_uwb/following_node.hpp
-- Up-to-date: /home/crazyrobot/evpi_ws/install/evpi_uwb/lib/evpi_uwb/following_node
-- Up-to-date: /home/crazyrobot/evpi_ws/install/evpi_uwb/lib/evpi_uwb/trilateration_mse
-- Up-to-date: /home/crazyrobot/evpi_ws/install/evpi_uwb/lib/evpi_uwb/trilateration_mse_3d
-- Up-to-date: /home/crazyrobot/evpi_ws/install/evpi_uwb/lib/evpi_uwb/hybrid_cosine
-- Up-to-date: /home/crazyrobot/evpi_ws/install/evpi_uwb/share/ament_index/resource_index/package_run_dependencies/evpi_uwb
-- Up-to-date: /home/crazyrobot/evpi_ws/install/evpi_uwb/share/ament_index/resource_index/parent_prefix_path/evpi_uwb
-- Up-to-date: /home/crazyrobot/evpi_ws/install/evpi_uwb/share/evpi_uwb/environment/ament_prefix_path.sh
-- Up-to-date: /home/crazyrobot/evpi_ws/install/evpi_uwb/share/evpi_uwb/environment/ament_prefix_path.dsv
-- Up-to-date: /home/crazyrobot/evpi_ws/install/evpi_uwb/share/evpi_uwb/environment/path.sh
-- Up-to-date: /home/crazyrobot/evpi_ws/install/evpi_uwb/share/evpi_uwb/environment/path.dsv
-- Up-to-date: /home/crazyrobot/evpi_ws/install/evpi_uwb/share/evpi_uwb/local_setup.bash
-- Up-to-date: /home/crazyrobot/evpi_ws/install/evpi_uwb/share/evpi_uwb/local_setup.sh
-- Up-to-date: /home/crazyrobot/evpi_ws/install/evpi_uwb/share/evpi_uwb/local_setup.zsh
-- Up-to-date: /home/crazyrobot/evpi_ws/install/evpi_uwb/share/evpi_uwb/local_setup.dsv
-- Installing: /home/crazyrobot/evpi_ws/install/evpi_uwb/share/evpi_uwb/package.dsv
-- Up-to-date: /home/crazyrobot/evpi_ws/install/evpi_uwb/share/ament_index/resource_index/packages/evpi_uwb
-- Up-to-date: /home/crazyrobot/evpi_ws/install/evpi_uwb/share/evpi_uwb/cmake/evpi_uwbConfig.cmake
-- Up-to-date: /home/crazyrobot/evpi_ws/install/evpi_uwb/share/evpi_uwb/cmake/evpi_uwbConfig-version.cmake
-- Up-to-date: /home/crazyrobot/evpi_ws/install/evpi_uwb/share/evpi_uwb/package.xml
