-- The C compiler identification is GNU 9.4.0
-- The CXX compiler identification is GNU 9.4.0
-- Check for working C compiler: /usr/bin/cc
-- Check for working C compiler: /usr/bin/cc -- works
-- Detecting C compiler ABI info
-- Detecting C compiler ABI info - done
-- Detecting C compile features
-- Detecting C compile features - done
-- Check for working CXX compiler: /usr/bin/c++
-- Check for working CXX compiler: /usr/bin/c++ -- works
-- Detecting CXX compiler ABI info
-- Detecting CXX compiler ABI info - done
-- Detecting CXX compile features
-- Detecting CXX compile features - done
-- Found ament_cmake: 0.9.9 (/opt/ros/foxy/share/ament_cmake/cmake)
-- Found PythonInterp: /usr/bin/python3 (found suitable version "3.8.10", minimum required is "3") 
-- Using PYTHON_EXECUTABLE: /usr/bin/python3
-- Found rclcpp: 2.4.1 (/opt/ros/foxy/share/rclcpp/cmake)
-- Using all available rosidl_typesupport_c: rosidl_typesupport_fastrtps_c;rosidl_typesupport_introspection_c
-- Found rosidl_adapter: 1.2.1 (/opt/ros/foxy/share/rosidl_adapter/cmake)
-- Found OpenSSL: /usr/lib/x86_64-linux-gnu/libcrypto.so (found version "1.1.1f")  
-- Found FastRTPS: /opt/ros/foxy/include  
-- Using all available rosidl_typesupport_cpp: rosidl_typesupport_fastrtps_cpp;rosidl_typesupport_introspection_cpp
-- Found rmw_implementation_cmake: 1.0.3 (/opt/ros/foxy/share/rmw_implementation_cmake/cmake)
-- Using RMW implementation 'rmw_fastrtps_cpp' as default
-- Looking for pthread.h
-- Looking for pthread.h - found
-- Performing Test CMAKE_HAVE_LIBC_PTHREAD
-- Performing Test CMAKE_HAVE_LIBC_PTHREAD - Failed
-- Looking for pthread_create in pthreads
-- Looking for pthread_create in pthreads - not found
-- Looking for pthread_create in pthread
-- Looking for pthread_create in pthread - found
-- Found Threads: TRUE  
-- Found evpi_interfaces: 0.0.0 (/home/crazyrobot/evpi_ws/install/evpi_interfaces/share/evpi_interfaces/cmake)
-- Found can_msgs: 2.0.0 (/opt/ros/foxy/share/can_msgs/cmake)
-- Configuring done
-- Generating done
-- Build files have been written to: /home/crazyrobot/evpi_ws/build/evpi_bringup
[35m[1mScanning dependencies of target can_manager[0m
[35m[1mScanning dependencies of target talker[0m
[ 25%] [32mBuilding CXX object CMakeFiles/talker.dir/src/publisher_member_function.cpp.o[0m
[ 50%] [32mBuilding CXX object CMakeFiles/can_manager.dir/src/can_manager.cpp.o[0m
[ 75%] [32m[1mLinking CXX executable talker[0m
[ 75%] Built target talker
[100%] [32m[1mLinking CXX executable can_manager[0m
[100%] Built target can_manager
-- Install configuration: ""
-- Installing: /home/crazyrobot/evpi_ws/install/evpi_bringup/share/evpi_bringup/launch
-- Installing: /home/crazyrobot/evpi_ws/install/evpi_bringup/share/evpi_bringup/launch/can_manager.launch.py
-- Installing: /home/crazyrobot/evpi_ws/install/evpi_bringup/share/evpi_bringup/launch/can.launch.py
-- Installing: /home/crazyrobot/evpi_ws/install/evpi_bringup/share/evpi_bringup/launch/teleop.launch.py
-- Installing: /home/crazyrobot/evpi_ws/install/evpi_bringup/share/evpi_bringup/launch/imu.launch.py
-- Installing: /home/crazyrobot/evpi_ws/install/evpi_bringup/share/evpi_bringup/launch/velodyne.launch.py
-- Installing: /home/crazyrobot/evpi_ws/install/evpi_bringup/share/evpi_bringup/config
-- Installing: /home/crazyrobot/evpi_ws/install/evpi_bringup/share/evpi_bringup/config/xsens_mti_node.yaml
-- Installing: /home/crazyrobot/evpi_ws/install/evpi_bringup/share/evpi_bringup/config/VLP16-velodyne_driver.yaml
-- Installing: /home/crazyrobot/evpi_ws/install/evpi_bringup/share/evpi_bringup/config/ps3.config.yaml
-- Installing: /home/crazyrobot/evpi_ws/install/evpi_bringup/share/evpi_bringup/config/camera_info.yaml
-- Installing: /home/crazyrobot/evpi_ws/install/evpi_bringup/share/evpi_bringup/config/can_table.yaml
-- Installing: /home/crazyrobot/evpi_ws/install/evpi_bringup/share/evpi_bringup/config/camera_params.yaml
-- Installing: /home/crazyrobot/evpi_ws/install/evpi_bringup/share/evpi_bringup/include
-- Installing: /home/crazyrobot/evpi_ws/install/evpi_bringup/share/evpi_bringup/include/evpi_bringup
-- Installing: /home/crazyrobot/evpi_ws/install/evpi_bringup/share/evpi_bringup/include/evpi_bringup/can_manager.hpp
-- Installing: /home/crazyrobot/evpi_ws/install/evpi_bringup/lib/evpi_bringup/talker
-- Set runtime path of "/home/crazyrobot/evpi_ws/install/evpi_bringup/lib/evpi_bringup/talker" to ""
-- Installing: /home/crazyrobot/evpi_ws/install/evpi_bringup/lib/evpi_bringup/can_manager
-- Set runtime path of "/home/crazyrobot/evpi_ws/install/evpi_bringup/lib/evpi_bringup/can_manager" to ""
-- Installing: /home/crazyrobot/evpi_ws/install/evpi_bringup/share/ament_index/resource_index/package_run_dependencies/evpi_bringup
-- Installing: /home/crazyrobot/evpi_ws/install/evpi_bringup/share/ament_index/resource_index/parent_prefix_path/evpi_bringup
-- Installing: /home/crazyrobot/evpi_ws/install/evpi_bringup/share/evpi_bringup/environment/ament_prefix_path.sh
-- Installing: /home/crazyrobot/evpi_ws/install/evpi_bringup/share/evpi_bringup/environment/ament_prefix_path.dsv
-- Installing: /home/crazyrobot/evpi_ws/install/evpi_bringup/share/evpi_bringup/environment/path.sh
-- Installing: /home/crazyrobot/evpi_ws/install/evpi_bringup/share/evpi_bringup/environment/path.dsv
-- Installing: /home/crazyrobot/evpi_ws/install/evpi_bringup/share/evpi_bringup/local_setup.bash
-- Installing: /home/crazyrobot/evpi_ws/install/evpi_bringup/share/evpi_bringup/local_setup.sh
-- Installing: /home/crazyrobot/evpi_ws/install/evpi_bringup/share/evpi_bringup/local_setup.zsh
-- Installing: /home/crazyrobot/evpi_ws/install/evpi_bringup/share/evpi_bringup/local_setup.dsv
-- Installing: /home/crazyrobot/evpi_ws/install/evpi_bringup/share/evpi_bringup/package.dsv
-- Installing: /home/crazyrobot/evpi_ws/install/evpi_bringup/share/ament_index/resource_index/packages/evpi_bringup
-- Installing: /home/crazyrobot/evpi_ws/install/evpi_bringup/share/evpi_bringup/cmake/evpi_bringupConfig.cmake
-- Installing: /home/crazyrobot/evpi_ws/install/evpi_bringup/share/evpi_bringup/cmake/evpi_bringupConfig-version.cmake
-- Installing: /home/crazyrobot/evpi_ws/install/evpi_bringup/share/evpi_bringup/package.xml
