[0.017s] Invoking command in '/home/crazyrobot/evpi_ws/build/evpi_bringup': AMENT_PREFIX_PATH=/home/crazyrobot/evpi_ws/install/evpi_interfaces:${AMENT_PREFIX_PATH} CMAKE_PREFIX_PATH=/home/crazyrobot/evpi_ws/install/evpi_interfaces:/home/crazyrobot/colcon_ws/install/turtlebot3_simulations:/home/crazyrobot/colcon_ws/install/turtlebot3_gazebo:/home/crazyrobot/colcon_ws/install/turtlebot3_fake_node:/opt/ros/foxy LD_LIBRARY_PATH=/home/crazyrobot/evpi_ws/install/evpi_interfaces/lib:${LD_LIBRARY_PATH} PYTHONPATH=/home/crazyrobot/evpi_ws/install/evpi_interfaces/lib/python3.8/site-packages:${PYTHONPATH} /usr/bin/cmake /home/crazyrobot/evpi_ws/src/evpi_bringup -DCMAKE_INSTALL_PREFIX=/home/crazyrobot/evpi_ws/install/evpi_bringup
[0.051s] -- The C compiler identification is GNU 9.4.0
[0.087s] -- The CXX compiler identification is GNU 9.4.0
[0.090s] -- Check for working C compiler: /usr/bin/cc
[0.135s] -- Check for working C compiler: /usr/bin/cc -- works
[0.135s] -- Detecting C compiler ABI info
[0.180s] -- Detecting C compiler ABI info - done
[0.188s] -- Detecting C compile features
[0.188s] -- Detecting C compile features - done
[0.190s] -- Check for working CXX compiler: /usr/bin/c++
[0.243s] -- Check for working CXX compiler: /usr/bin/c++ -- works
[0.243s] -- Detecting CXX compiler ABI info
[0.296s] -- Detecting CXX compiler ABI info - done
[0.304s] -- Detecting CXX compile features
[0.305s] -- Detecting CXX compile features - done
[0.306s] -- Found ament_cmake: 0.9.9 (/opt/ros/foxy/share/ament_cmake/cmake)
[0.324s] -- Found PythonInterp: /usr/bin/python3 (found suitable version "3.8.10", minimum required is "3") 
[0.324s] -- Using PYTHON_EXECUTABLE: /usr/bin/python3
[0.466s] -- Found rclcpp: 2.4.1 (/opt/ros/foxy/share/rclcpp/cmake)
[0.499s] -- Using all available rosidl_typesupport_c: rosidl_typesupport_fastrtps_c;rosidl_typesupport_introspection_c
[0.504s] -- Found rosidl_adapter: 1.2.1 (/opt/ros/foxy/share/rosidl_adapter/cmake)
[0.554s] -- Found OpenSSL: /usr/lib/x86_64-linux-gnu/libcrypto.so (found version "1.1.1f")  
[0.575s] -- Found FastRTPS: /opt/ros/foxy/include  
[0.631s] -- Using all available rosidl_typesupport_cpp: rosidl_typesupport_fastrtps_cpp;rosidl_typesupport_introspection_cpp
[0.672s] -- Found rmw_implementation_cmake: 1.0.3 (/opt/ros/foxy/share/rmw_implementation_cmake/cmake)
[0.673s] -- Using RMW implementation 'rmw_fastrtps_cpp' as default
[0.674s] -- Looking for pthread.h
[0.723s] -- Looking for pthread.h - found
[0.723s] -- Performing Test CMAKE_HAVE_LIBC_PTHREAD
[0.770s] -- Performing Test CMAKE_HAVE_LIBC_PTHREAD - Failed
[0.770s] -- Looking for pthread_create in pthreads
[0.809s] -- Looking for pthread_create in pthreads - not found
[0.809s] -- Looking for pthread_create in pthread
[0.854s] -- Looking for pthread_create in pthread - found
[0.855s] -- Found Threads: TRUE  
[0.968s] -- Found evpi_interfaces: 0.0.0 (/home/crazyrobot/evpi_ws/install/evpi_interfaces/share/evpi_interfaces/cmake)
[1.059s] -- Found can_msgs: 2.0.0 (/opt/ros/foxy/share/can_msgs/cmake)
[1.130s] -- Configuring done
[1.138s] -- Generating done
[1.144s] -- Build files have been written to: /home/crazyrobot/evpi_ws/build/evpi_bringup
[1.152s] Invoked command in '/home/crazyrobot/evpi_ws/build/evpi_bringup' returned '0': AMENT_PREFIX_PATH=/home/crazyrobot/evpi_ws/install/evpi_interfaces:${AMENT_PREFIX_PATH} CMAKE_PREFIX_PATH=/home/crazyrobot/evpi_ws/install/evpi_interfaces:/home/crazyrobot/colcon_ws/install/turtlebot3_simulations:/home/crazyrobot/colcon_ws/install/turtlebot3_gazebo:/home/crazyrobot/colcon_ws/install/turtlebot3_fake_node:/opt/ros/foxy LD_LIBRARY_PATH=/home/crazyrobot/evpi_ws/install/evpi_interfaces/lib:${LD_LIBRARY_PATH} PYTHONPATH=/home/crazyrobot/evpi_ws/install/evpi_interfaces/lib/python3.8/site-packages:${PYTHONPATH} /usr/bin/cmake /home/crazyrobot/evpi_ws/src/evpi_bringup -DCMAKE_INSTALL_PREFIX=/home/crazyrobot/evpi_ws/install/evpi_bringup
[1.153s] Invoking command in '/home/crazyrobot/evpi_ws/build/evpi_bringup': AMENT_PREFIX_PATH=/home/crazyrobot/evpi_ws/install/evpi_interfaces:${AMENT_PREFIX_PATH} CMAKE_PREFIX_PATH=/home/crazyrobot/evpi_ws/install/evpi_interfaces:/home/crazyrobot/colcon_ws/install/turtlebot3_simulations:/home/crazyrobot/colcon_ws/install/turtlebot3_gazebo:/home/crazyrobot/colcon_ws/install/turtlebot3_fake_node:/opt/ros/foxy LD_LIBRARY_PATH=/home/crazyrobot/evpi_ws/install/evpi_interfaces/lib:${LD_LIBRARY_PATH} PYTHONPATH=/home/crazyrobot/evpi_ws/install/evpi_interfaces/lib/python3.8/site-packages:${PYTHONPATH} /usr/bin/cmake --build /home/crazyrobot/evpi_ws/build/evpi_bringup -- -j16 -l16
[1.182s] [35m[1mScanning dependencies of target can_manager[0m
[1.182s] [35m[1mScanning dependencies of target talker[0m
[1.204s] [ 25%] [32mBuilding CXX object CMakeFiles/talker.dir/src/publisher_member_function.cpp.o[0m
[1.204s] [ 50%] [32mBuilding CXX object CMakeFiles/can_manager.dir/src/can_manager.cpp.o[0m
[2.312s] [01m[K/home/crazyrobot/evpi_ws/src/evpi_bringup/src/can_manager.cpp:[m[K In member function ‘[01m[Kvoid CanManager::strip_callback(evpi_interfaces::msg::Mode_<std::allocator<void> >::SharedPtr)[m[K’:
[2.313s] [01m[K/home/crazyrobot/evpi_ws/src/evpi_bringup/src/can_manager.cpp:110:42:[m[K [01;35m[Kwarning: [m[Knarrowing conversion of ‘[01m[Keyes_strip.can_t::mode[m[K’ from ‘[01m[Kint[m[K’ to ‘[01m[Kunsigned char[m[K’ [[01;35m[K-Wnarrowing[m[K]
[2.313s]   110 |       sensor_can_msgs.data = {[01;35m[Keyes_strip.mode[m[K, eyes_strip.pixels, eyes_strip.red_value,
[2.313s]       |                               [01;35m[K~~~~~~~~~~~^~~~[m[K
[2.313s] [01m[K/home/crazyrobot/evpi_ws/src/evpi_bringup/src/can_manager.cpp:110:59:[m[K [01;35m[Kwarning: [m[Knarrowing conversion of ‘[01m[Keyes_strip.can_t::pixels[m[K’ from ‘[01m[Kint[m[K’ to ‘[01m[Kunsigned char[m[K’ [[01;35m[K-Wnarrowing[m[K]
[2.313s]   110 |    sensor_can_msgs.data = {eyes_strip.mode, [01;35m[Keyes_strip.pixels[m[K, eyes_strip.red_value,
[2.313s]       |                                             [01;35m[K~~~~~~~~~~~^~~~~~[m[K
[2.313s] 
[2.313s] [01m[K/home/crazyrobot/evpi_ws/src/evpi_bringup/src/can_manager.cpp:110:78:[m[K [01;35m[Kwarning: [m[Knarrowing conversion of ‘[01m[Keyes_strip.can_t::red_value[m[K’ from ‘[01m[Kint[m[K’ to ‘[01m[Kunsigned char[m[K’ [[01;35m[K-Wnarrowing[m[K]
[2.313s]   110 | an_msgs.data = {eyes_strip.mode, eyes_strip.pixels, [01;35m[Keyes_strip.red_value[m[K,
[2.313s]       |                                                     [01;35m[K~~~~~~~~~~~^~~~~~~~~[m[K
[2.313s] 
[2.313s] [01m[K/home/crazyrobot/evpi_ws/src/evpi_bringup/src/can_manager.cpp:111:42:[m[K [01;35m[Kwarning: [m[Knarrowing conversion of ‘[01m[Keyes_strip.can_t::green_value[m[K’ from ‘[01m[Kint[m[K’ to ‘[01m[Kunsigned char[m[K’ [[01;35m[K-Wnarrowing[m[K]
[2.313s]   111 |                               [01;35m[Keyes_strip.green_value[m[K, eyes_strip.blue_value,
[2.313s]       |                               [01;35m[K~~~~~~~~~~~^~~~~~~~~~~[m[K
[2.313s] [01m[K/home/crazyrobot/evpi_ws/src/evpi_bringup/src/can_manager.cpp:111:66:[m[K [01;35m[Kwarning: [m[Knarrowing conversion of ‘[01m[Keyes_strip.can_t::blue_value[m[K’ from ‘[01m[Kint[m[K’ to ‘[01m[Kunsigned char[m[K’ [[01;35m[K-Wnarrowing[m[K]
[2.313s]   111 |                           eyes_strip.green_value, [01;35m[Keyes_strip.blue_value[m[K,
[2.313s]       |                                                   [01;35m[K~~~~~~~~~~~^~~~~~~~~~[m[K
[2.314s] 
[2.314s] [01m[K/home/crazyrobot/evpi_ws/src/evpi_bringup/src/can_manager.cpp:112:42:[m[K [01;35m[Kwarning: [m[Knarrowing conversion of ‘[01m[Keyes_strip.can_t::time_interval[m[K’ from ‘[01m[Kint[m[K’ to ‘[01m[Kunsigned char[m[K’ [[01;35m[K-Wnarrowing[m[K]
[2.314s]   112 |                               [01;35m[Keyes_strip.time_interval[m[K};
[2.314s]       |                               [01;35m[K~~~~~~~~~~~^~~~~~~~~~~~~[m[K
[2.314s] [01m[K/home/crazyrobot/evpi_ws/src/evpi_bringup/src/can_manager.cpp:126:43:[m[K [01;35m[Kwarning: [m[Knarrowing conversion of ‘[01m[Kfront_strip.can_t::mode[m[K’ from ‘[01m[Kint[m[K’ to ‘[01m[Kunsigned char[m[K’ [[01;35m[K-Wnarrowing[m[K]
[2.314s]   126 |       sensor_can_msgs.data = {[01;35m[Kfront_strip.mode[m[K, front_strip.pixels, front_strip.red_value,
[2.314s]       |                               [01;35m[K~~~~~~~~~~~~^~~~[m[K
[2.314s] [01m[K/home/crazyrobot/evpi_ws/src/evpi_bringup/src/can_manager.cpp:126:61:[m[K [01;35m[Kwarning: [m[Knarrowing conversion of ‘[01m[Kfront_strip.can_t::pixels[m[K’ from ‘[01m[Kint[m[K’ to ‘[01m[Kunsigned char[m[K’ [[01;35m[K-Wnarrowing[m[K]
[2.314s]   126 |  sensor_can_msgs.data = {front_strip.mode, [01;35m[Kfront_strip.pixels[m[K, front_strip.red_value,
[2.314s]       |                                            [01;35m[K~~~~~~~~~~~~^~~~~~[m[K
[2.314s] 
[2.314s] [01m[K/home/crazyrobot/evpi_ws/src/evpi_bringup/src/can_manager.cpp:126:81:[m[K [01;35m[Kwarning: [m[Knarrowing conversion of ‘[01m[Kfront_strip.can_t::red_value[m[K’ from ‘[01m[Kint[m[K’ to ‘[01m[Kunsigned char[m[K’ [[01;35m[K-Wnarrowing[m[K]
[2.314s]   126 | msgs.data = {front_strip.mode, front_strip.pixels, [01;35m[Kfront_strip.red_value[m[K,
[2.314s]       |                                                    [01;35m[K~~~~~~~~~~~~^~~~~~~~~[m[K
[2.314s] 
[2.314s] [01m[K/home/crazyrobot/evpi_ws/src/evpi_bringup/src/can_manager.cpp:127:43:[m[K [01;35m[Kwarning: [m[Knarrowing conversion of ‘[01m[Kfront_strip.can_t::green_value[m[K’ from ‘[01m[Kint[m[K’ to ‘[01m[Kunsigned char[m[K’ [[01;35m[K-Wnarrowing[m[K]
[2.314s]   127 |                               [01;35m[Kfront_strip.green_value[m[K, front_strip.blue_value,
[2.314s]       |                               [01;35m[K~~~~~~~~~~~~^~~~~~~~~~~[m[K
[2.315s] [01m[K/home/crazyrobot/evpi_ws/src/evpi_bringup/src/can_manager.cpp:127:68:[m[K [01;35m[Kwarning: [m[Knarrowing conversion of ‘[01m[Kfront_strip.can_t::blue_value[m[K’ from ‘[01m[Kint[m[K’ to ‘[01m[Kunsigned char[m[K’ [[01;35m[K-Wnarrowing[m[K]
[2.315s]   127 |                         front_strip.green_value, [01;35m[Kfront_strip.blue_value[m[K,
[2.315s]       |                                                  [01;35m[K~~~~~~~~~~~~^~~~~~~~~~[m[K
[2.315s] 
[2.315s] [01m[K/home/crazyrobot/evpi_ws/src/evpi_bringup/src/can_manager.cpp:128:43:[m[K [01;35m[Kwarning: [m[Knarrowing conversion of ‘[01m[Kfront_strip.can_t::time_interval[m[K’ from ‘[01m[Kint[m[K’ to ‘[01m[Kunsigned char[m[K’ [[01;35m[K-Wnarrowing[m[K]
[2.315s]   128 |                               [01;35m[Kfront_strip.time_interval[m[K};
[2.315s]       |                               [01;35m[K~~~~~~~~~~~~^~~~~~~~~~~~~[m[K
[2.315s] [01m[K/home/crazyrobot/evpi_ws/src/evpi_bringup/src/can_manager.cpp:142:42:[m[K [01;35m[Kwarning: [m[Knarrowing conversion of ‘[01m[Kback_strip.can_t::mode[m[K’ from ‘[01m[Kint[m[K’ to ‘[01m[Kunsigned char[m[K’ [[01;35m[K-Wnarrowing[m[K]
[2.315s]   142 |       sensor_can_msgs.data = {[01;35m[Kback_strip.mode[m[K, back_strip.pixels, back_strip.red_value,
[2.315s]       |                               [01;35m[K~~~~~~~~~~~^~~~[m[K
[2.315s] [01m[K/home/crazyrobot/evpi_ws/src/evpi_bringup/src/can_manager.cpp:142:59:[m[K [01;35m[Kwarning: [m[Knarrowing conversion of ‘[01m[Kback_strip.can_t::pixels[m[K’ from ‘[01m[Kint[m[K’ to ‘[01m[Kunsigned char[m[K’ [[01;35m[K-Wnarrowing[m[K]
[2.315s]   142 |    sensor_can_msgs.data = {back_strip.mode, [01;35m[Kback_strip.pixels[m[K, back_strip.red_value,
[2.315s]       |                                             [01;35m[K~~~~~~~~~~~^~~~~~[m[K
[2.315s] 
[2.315s] [01m[K/home/crazyrobot/evpi_ws/src/evpi_bringup/src/can_manager.cpp:142:78:[m[K [01;35m[Kwarning: [m[Knarrowing conversion of ‘[01m[Kback_strip.can_t::red_value[m[K’ from ‘[01m[Kint[m[K’ to ‘[01m[Kunsigned char[m[K’ [[01;35m[K-Wnarrowing[m[K]
[2.315s]   142 | an_msgs.data = {back_strip.mode, back_strip.pixels, [01;35m[Kback_strip.red_value[m[K,
[2.315s]       |                                                     [01;35m[K~~~~~~~~~~~^~~~~~~~~[m[K
[2.315s] 
[2.316s] [01m[K/home/crazyrobot/evpi_ws/src/evpi_bringup/src/can_manager.cpp:143:42:[m[K [01;35m[Kwarning: [m[Knarrowing conversion of ‘[01m[Kback_strip.can_t::green_value[m[K’ from ‘[01m[Kint[m[K’ to ‘[01m[Kunsigned char[m[K’ [[01;35m[K-Wnarrowing[m[K]
[2.316s]   143 |                               [01;35m[Kback_strip.green_value[m[K, back_strip.blue_value,
[2.316s]       |                               [01;35m[K~~~~~~~~~~~^~~~~~~~~~~[m[K
[2.316s] [01m[K/home/crazyrobot/evpi_ws/src/evpi_bringup/src/can_manager.cpp:143:66:[m[K [01;35m[Kwarning: [m[Knarrowing conversion of ‘[01m[Kback_strip.can_t::blue_value[m[K’ from ‘[01m[Kint[m[K’ to ‘[01m[Kunsigned char[m[K’ [[01;35m[K-Wnarrowing[m[K]
[2.316s]   143 |                           back_strip.green_value, [01;35m[Kback_strip.blue_value[m[K,
[2.316s]       |                                                   [01;35m[K~~~~~~~~~~~^~~~~~~~~~[m[K
[2.316s] 
[2.316s] [01m[K/home/crazyrobot/evpi_ws/src/evpi_bringup/src/can_manager.cpp:144:42:[m[K [01;35m[Kwarning: [m[Knarrowing conversion of ‘[01m[Kback_strip.can_t::time_interval[m[K’ from ‘[01m[Kint[m[K’ to ‘[01m[Kunsigned char[m[K’ [[01;35m[K-Wnarrowing[m[K]
[2.316s]   144 |                               [01;35m[Kback_strip.time_interval[m[K};
[2.316s]       |                               [01;35m[K~~~~~~~~~~~^~~~~~~~~~~~~[m[K
[2.320s] [01m[K/home/crazyrobot/evpi_ws/src/evpi_bringup/src/can_manager.cpp:[m[K In member function ‘[01m[Kvoid CanManager::can_callback(can_msgs::msg::Frame_<std::allocator<void> >::SharedPtr)[m[K’:
[2.320s] [01m[K/home/crazyrobot/evpi_ws/src/evpi_bringup/src/can_manager.cpp:154:27:[m[K [01;35m[Kwarning: [m[Kcomparison of integer expressions of different signedness: ‘[01m[Kint[m[K’ and ‘[01m[Kcan_msgs::msg::Frame_<std::allocator<void> >::_id_type[m[K’ {aka ‘[01m[Kunsigned int[m[K’} [[01;35m[K-Wsign-compare[m[K]
[2.321s]   154 |     if([01;35m[Kfront_strip.can_id == msg->id[m[K)
[2.321s]       |        [01;35m[K~~~~~~~~~~~~~~~~~~~^~~~~~~~~~[m[K
[2.321s] [01m[K/home/crazyrobot/evpi_ws/src/evpi_bringup/src/can_manager.cpp:164:35:[m[K [01;35m[Kwarning: [m[Kcomparison of integer expressions of different signedness: ‘[01m[Kint[m[K’ and ‘[01m[Kcan_msgs::msg::Frame_<std::allocator<void> >::_id_type[m[K’ {aka ‘[01m[Kunsigned int[m[K’} [[01;35m[K-Wsign-compare[m[K]
[2.321s]   164 |     else if([01;35m[Ksteering_angle.can_id == msg->id[m[K)
[2.321s]       |             [01;35m[K~~~~~~~~~~~~~~~~~~~~~~^~~~~~~~~~[m[K
[3.739s] [ 75%] [32m[1mLinking CXX executable talker[0m
[3.874s] [ 75%] Built target talker
[7.001s] [100%] [32m[1mLinking CXX executable can_manager[0m
[7.217s] [100%] Built target can_manager
[7.225s] Invoked command in '/home/crazyrobot/evpi_ws/build/evpi_bringup' returned '0': AMENT_PREFIX_PATH=/home/crazyrobot/evpi_ws/install/evpi_interfaces:${AMENT_PREFIX_PATH} CMAKE_PREFIX_PATH=/home/crazyrobot/evpi_ws/install/evpi_interfaces:/home/crazyrobot/colcon_ws/install/turtlebot3_simulations:/home/crazyrobot/colcon_ws/install/turtlebot3_gazebo:/home/crazyrobot/colcon_ws/install/turtlebot3_fake_node:/opt/ros/foxy LD_LIBRARY_PATH=/home/crazyrobot/evpi_ws/install/evpi_interfaces/lib:${LD_LIBRARY_PATH} PYTHONPATH=/home/crazyrobot/evpi_ws/install/evpi_interfaces/lib/python3.8/site-packages:${PYTHONPATH} /usr/bin/cmake --build /home/crazyrobot/evpi_ws/build/evpi_bringup -- -j16 -l16
[7.241s] Invoking command in '/home/crazyrobot/evpi_ws/build/evpi_bringup': AMENT_PREFIX_PATH=/home/crazyrobot/evpi_ws/install/evpi_interfaces:${AMENT_PREFIX_PATH} CMAKE_PREFIX_PATH=/home/crazyrobot/evpi_ws/install/evpi_interfaces:/home/crazyrobot/colcon_ws/install/turtlebot3_simulations:/home/crazyrobot/colcon_ws/install/turtlebot3_gazebo:/home/crazyrobot/colcon_ws/install/turtlebot3_fake_node:/opt/ros/foxy LD_LIBRARY_PATH=/home/crazyrobot/evpi_ws/install/evpi_interfaces/lib:${LD_LIBRARY_PATH} PYTHONPATH=/home/crazyrobot/evpi_ws/install/evpi_interfaces/lib/python3.8/site-packages:${PYTHONPATH} /usr/bin/cmake --install /home/crazyrobot/evpi_ws/build/evpi_bringup
[7.248s] -- Install configuration: ""
[7.248s] -- Installing: /home/crazyrobot/evpi_ws/install/evpi_bringup/share/evpi_bringup/launch
[7.248s] -- Installing: /home/crazyrobot/evpi_ws/install/evpi_bringup/share/evpi_bringup/launch/can_manager.launch.py
[7.248s] -- Installing: /home/crazyrobot/evpi_ws/install/evpi_bringup/share/evpi_bringup/launch/can.launch.py
[7.248s] -- Installing: /home/crazyrobot/evpi_ws/install/evpi_bringup/share/evpi_bringup/launch/teleop.launch.py
[7.248s] -- Installing: /home/crazyrobot/evpi_ws/install/evpi_bringup/share/evpi_bringup/launch/imu.launch.py
[7.248s] -- Installing: /home/crazyrobot/evpi_ws/install/evpi_bringup/share/evpi_bringup/launch/velodyne.launch.py
[7.248s] -- Installing: /home/crazyrobot/evpi_ws/install/evpi_bringup/share/evpi_bringup/config
[7.248s] -- Installing: /home/crazyrobot/evpi_ws/install/evpi_bringup/share/evpi_bringup/config/xsens_mti_node.yaml
[7.248s] -- Installing: /home/crazyrobot/evpi_ws/install/evpi_bringup/share/evpi_bringup/config/VLP16-velodyne_driver.yaml
[7.248s] -- Installing: /home/crazyrobot/evpi_ws/install/evpi_bringup/share/evpi_bringup/config/ps3.config.yaml
[7.248s] -- Installing: /home/crazyrobot/evpi_ws/install/evpi_bringup/share/evpi_bringup/config/camera_info.yaml
[7.249s] -- Installing: /home/crazyrobot/evpi_ws/install/evpi_bringup/share/evpi_bringup/config/can_table.yaml
[7.249s] -- Installing: /home/crazyrobot/evpi_ws/install/evpi_bringup/share/evpi_bringup/config/camera_params.yaml
[7.249s] -- Installing: /home/crazyrobot/evpi_ws/install/evpi_bringup/share/evpi_bringup/include
[7.249s] -- Installing: /home/crazyrobot/evpi_ws/install/evpi_bringup/share/evpi_bringup/include/evpi_bringup
[7.249s] -- Installing: /home/crazyrobot/evpi_ws/install/evpi_bringup/share/evpi_bringup/include/evpi_bringup/can_manager.hpp
[7.249s] -- Installing: /home/crazyrobot/evpi_ws/install/evpi_bringup/lib/evpi_bringup/talker
[7.249s] -- Set runtime path of "/home/crazyrobot/evpi_ws/install/evpi_bringup/lib/evpi_bringup/talker" to ""
[7.249s] -- Installing: /home/crazyrobot/evpi_ws/install/evpi_bringup/lib/evpi_bringup/can_manager
[7.251s] -- Set runtime path of "/home/crazyrobot/evpi_ws/install/evpi_bringup/lib/evpi_bringup/can_manager" to ""
[7.251s] -- Installing: /home/crazyrobot/evpi_ws/install/evpi_bringup/share/ament_index/resource_index/package_run_dependencies/evpi_bringup
[7.251s] -- Installing: /home/crazyrobot/evpi_ws/install/evpi_bringup/share/ament_index/resource_index/parent_prefix_path/evpi_bringup
[7.251s] -- Installing: /home/crazyrobot/evpi_ws/install/evpi_bringup/share/evpi_bringup/environment/ament_prefix_path.sh
[7.251s] -- Installing: /home/crazyrobot/evpi_ws/install/evpi_bringup/share/evpi_bringup/environment/ament_prefix_path.dsv
[7.251s] -- Installing: /home/crazyrobot/evpi_ws/install/evpi_bringup/share/evpi_bringup/environment/path.sh
[7.251s] -- Installing: /home/crazyrobot/evpi_ws/install/evpi_bringup/share/evpi_bringup/environment/path.dsv
[7.251s] -- Installing: /home/crazyrobot/evpi_ws/install/evpi_bringup/share/evpi_bringup/local_setup.bash
[7.252s] -- Installing: /home/crazyrobot/evpi_ws/install/evpi_bringup/share/evpi_bringup/local_setup.sh
[7.252s] -- Installing: /home/crazyrobot/evpi_ws/install/evpi_bringup/share/evpi_bringup/local_setup.zsh
[7.252s] -- Installing: /home/crazyrobot/evpi_ws/install/evpi_bringup/share/evpi_bringup/local_setup.dsv
[7.252s] -- Installing: /home/crazyrobot/evpi_ws/install/evpi_bringup/share/evpi_bringup/package.dsv
[7.252s] -- Installing: /home/crazyrobot/evpi_ws/install/evpi_bringup/share/ament_index/resource_index/packages/evpi_bringup
[7.252s] -- Installing: /home/crazyrobot/evpi_ws/install/evpi_bringup/share/evpi_bringup/cmake/evpi_bringupConfig.cmake
[7.252s] -- Installing: /home/crazyrobot/evpi_ws/install/evpi_bringup/share/evpi_bringup/cmake/evpi_bringupConfig-version.cmake
[7.252s] -- Installing: /home/crazyrobot/evpi_ws/install/evpi_bringup/share/evpi_bringup/package.xml
[7.254s] Invoked command in '/home/crazyrobot/evpi_ws/build/evpi_bringup' returned '0': AMENT_PREFIX_PATH=/home/crazyrobot/evpi_ws/install/evpi_interfaces:${AMENT_PREFIX_PATH} CMAKE_PREFIX_PATH=/home/crazyrobot/evpi_ws/install/evpi_interfaces:/home/crazyrobot/colcon_ws/install/turtlebot3_simulations:/home/crazyrobot/colcon_ws/install/turtlebot3_gazebo:/home/crazyrobot/colcon_ws/install/turtlebot3_fake_node:/opt/ros/foxy LD_LIBRARY_PATH=/home/crazyrobot/evpi_ws/install/evpi_interfaces/lib:${LD_LIBRARY_PATH} PYTHONPATH=/home/crazyrobot/evpi_ws/install/evpi_interfaces/lib/python3.8/site-packages:${PYTHONPATH} /usr/bin/cmake --install /home/crazyrobot/evpi_ws/build/evpi_bringup
