[ 50%] Built target motor_controll
[100%] Built target twist_2_ackermann
-- Install configuration: ""
-- Up-to-date: /home/crazyrobot/evpi_ws/install/evpi_drive/share/evpi_drive/launch
-- Up-to-date: /home/crazyrobot/evpi_ws/install/evpi_drive/share/evpi_drive/launch/drive_controller.launch.py
-- Up-to-date: /home/crazyrobot/evpi_ws/install/evpi_drive/share/evpi_drive/config
-- Up-to-date: /home/crazyrobot/evpi_ws/install/evpi_drive/share/evpi_drive/config/vesc_middrive
-- Up-to-date: /home/crazyrobot/evpi_ws/install/evpi_drive/share/evpi_drive/config/vesc_middrive/app_config.xml
-- Up-to-date: /home/crazyrobot/evpi_ws/install/evpi_drive/share/evpi_drive/config/vesc_middrive/motor_config.xml
-- Up-to-date: /home/crazyrobot/evpi_ws/install/evpi_drive/share/evpi_drive/config/evpi.yaml
-- Up-to-date: /home/crazyrobot/evpi_ws/install/evpi_drive/share/evpi_drive/include
-- Up-to-date: /home/crazyrobot/evpi_ws/install/evpi_drive/share/evpi_drive/include/evpi_drive
-- Up-to-date: /home/crazyrobot/evpi_ws/install/evpi_drive/share/evpi_drive/include/evpi_drive/motor_controll.hpp
-- Up-to-date: /home/crazyrobot/evpi_ws/install/evpi_drive/lib/evpi_drive/twist_2_ackermann
-- Up-to-date: /home/crazyrobot/evpi_ws/install/evpi_drive/lib/evpi_drive/motor_controll
-- Up-to-date: /home/crazyrobot/evpi_ws/install/evpi_drive/share/ament_index/resource_index/package_run_dependencies/evpi_drive
-- Up-to-date: /home/crazyrobot/evpi_ws/install/evpi_drive/share/ament_index/resource_index/parent_prefix_path/evpi_drive
-- Up-to-date: /home/crazyrobot/evpi_ws/install/evpi_drive/share/evpi_drive/environment/ament_prefix_path.sh
-- Up-to-date: /home/crazyrobot/evpi_ws/install/evpi_drive/share/evpi_drive/environment/ament_prefix_path.dsv
-- Up-to-date: /home/crazyrobot/evpi_ws/install/evpi_drive/share/evpi_drive/environment/path.sh
-- Up-to-date: /home/crazyrobot/evpi_ws/install/evpi_drive/share/evpi_drive/environment/path.dsv
-- Up-to-date: /home/crazyrobot/evpi_ws/install/evpi_drive/share/evpi_drive/local_setup.bash
-- Up-to-date: /home/crazyrobot/evpi_ws/install/evpi_drive/share/evpi_drive/local_setup.sh
-- Up-to-date: /home/crazyrobot/evpi_ws/install/evpi_drive/share/evpi_drive/local_setup.zsh
-- Up-to-date: /home/crazyrobot/evpi_ws/install/evpi_drive/share/evpi_drive/local_setup.dsv
-- Installing: /home/crazyrobot/evpi_ws/install/evpi_drive/share/evpi_drive/package.dsv
-- Up-to-date: /home/crazyrobot/evpi_ws/install/evpi_drive/share/ament_index/resource_index/packages/evpi_drive
-- Up-to-date: /home/crazyrobot/evpi_ws/install/evpi_drive/share/evpi_drive/cmake/evpi_driveConfig.cmake
-- Up-to-date: /home/crazyrobot/evpi_ws/install/evpi_drive/share/evpi_drive/cmake/evpi_driveConfig-version.cmake
-- Up-to-date: /home/crazyrobot/evpi_ws/install/evpi_drive/share/evpi_drive/package.xml
