[0.018s] Invoking command in '/home/crazyrobot/evpi_ws/build/evpi_drive': CMAKE_PREFIX_PATH=${CMAKE_PREFIX_PATH}:/opt/ros/foxy /usr/bin/cmake --build /home/crazyrobot/evpi_ws/build/evpi_drive -- -j16 -l16
[0.055s] [ 50%] Built target motor_controll
[0.056s] [100%] Built target twist_2_ackermann
[0.065s] Invoked command in '/home/crazyrobot/evpi_ws/build/evpi_drive' returned '0': CMAKE_PREFIX_PATH=${CMAKE_PREFIX_PATH}:/opt/ros/foxy /usr/bin/cmake --build /home/crazyrobot/evpi_ws/build/evpi_drive -- -j16 -l16
[0.089s] Invoking command in '/home/crazyrobot/evpi_ws/build/evpi_drive': CMAKE_PREFIX_PATH=${CMAKE_PREFIX_PATH}:/opt/ros/foxy /usr/bin/cmake --install /home/crazyrobot/evpi_ws/build/evpi_drive
[0.096s] -- Install configuration: ""
[0.096s] -- Up-to-date: /home/crazyrobot/evpi_ws/install/evpi_drive/share/evpi_drive/launch
[0.096s] -- Up-to-date: /home/crazyrobot/evpi_ws/install/evpi_drive/share/evpi_drive/launch/drive_controller.launch.py
[0.096s] -- Up-to-date: /home/crazyrobot/evpi_ws/install/evpi_drive/share/evpi_drive/config
[0.096s] -- Up-to-date: /home/crazyrobot/evpi_ws/install/evpi_drive/share/evpi_drive/config/vesc_middrive
[0.097s] -- Up-to-date: /home/crazyrobot/evpi_ws/install/evpi_drive/share/evpi_drive/config/vesc_middrive/app_config.xml
[0.097s] -- Up-to-date: /home/crazyrobot/evpi_ws/install/evpi_drive/share/evpi_drive/config/vesc_middrive/motor_config.xml
[0.097s] -- Up-to-date: /home/crazyrobot/evpi_ws/install/evpi_drive/share/evpi_drive/config/evpi.yaml
[0.097s] -- Up-to-date: /home/crazyrobot/evpi_ws/install/evpi_drive/share/evpi_drive/include
[0.097s] -- Up-to-date: /home/crazyrobot/evpi_ws/install/evpi_drive/share/evpi_drive/include/evpi_drive
[0.097s] -- Up-to-date: /home/crazyrobot/evpi_ws/install/evpi_drive/share/evpi_drive/include/evpi_drive/motor_controll.hpp
[0.098s] -- Up-to-date: /home/crazyrobot/evpi_ws/install/evpi_drive/lib/evpi_drive/twist_2_ackermann
[0.098s] -- Up-to-date: /home/crazyrobot/evpi_ws/install/evpi_drive/lib/evpi_drive/motor_controll
[0.098s] -- Up-to-date: /home/crazyrobot/evpi_ws/install/evpi_drive/share/ament_index/resource_index/package_run_dependencies/evpi_drive
[0.098s] -- Up-to-date: /home/crazyrobot/evpi_ws/install/evpi_drive/share/ament_index/resource_index/parent_prefix_path/evpi_drive
[0.098s] -- Up-to-date: /home/crazyrobot/evpi_ws/install/evpi_drive/share/evpi_drive/environment/ament_prefix_path.sh
[0.098s] -- Up-to-date: /home/crazyrobot/evpi_ws/install/evpi_drive/share/evpi_drive/environment/ament_prefix_path.dsv
[0.098s] -- Up-to-date: /home/crazyrobot/evpi_ws/install/evpi_drive/share/evpi_drive/environment/path.sh
[0.099s] -- Up-to-date: /home/crazyrobot/evpi_ws/install/evpi_drive/share/evpi_drive/environment/path.dsv
[0.099s] -- Up-to-date: /home/crazyrobot/evpi_ws/install/evpi_drive/share/evpi_drive/local_setup.bash
[0.099s] -- Up-to-date: /home/crazyrobot/evpi_ws/install/evpi_drive/share/evpi_drive/local_setup.sh
[0.099s] -- Up-to-date: /home/crazyrobot/evpi_ws/install/evpi_drive/share/evpi_drive/local_setup.zsh
[0.099s] -- Up-to-date: /home/crazyrobot/evpi_ws/install/evpi_drive/share/evpi_drive/local_setup.dsv
[0.099s] -- Installing: /home/crazyrobot/evpi_ws/install/evpi_drive/share/evpi_drive/package.dsv
[0.100s] -- Up-to-date: /home/crazyrobot/evpi_ws/install/evpi_drive/share/ament_index/resource_index/packages/evpi_drive
[0.100s] -- Up-to-date: /home/crazyrobot/evpi_ws/install/evpi_drive/share/evpi_drive/cmake/evpi_driveConfig.cmake
[0.100s] -- Up-to-date: /home/crazyrobot/evpi_ws/install/evpi_drive/share/evpi_drive/cmake/evpi_driveConfig-version.cmake
[0.100s] -- Up-to-date: /home/crazyrobot/evpi_ws/install/evpi_drive/share/evpi_drive/package.xml
[0.114s] Invoked command in '/home/crazyrobot/evpi_ws/build/evpi_drive' returned '0': CMAKE_PREFIX_PATH=${CMAKE_PREFIX_PATH}:/opt/ros/foxy /usr/bin/cmake --install /home/crazyrobot/evpi_ws/build/evpi_drive
