[ 75%] Built target talker
[100%] Built target can_manager
-- Install configuration: ""
-- Up-to-date: /home/crazyrobot/evpi_ws/install/evpi_bringup/share/evpi_bringup/launch
-- Up-to-date: /home/crazyrobot/evpi_ws/install/evpi_bringup/share/evpi_bringup/launch/can_manager.launch.py
-- Up-to-date: /home/crazyrobot/evpi_ws/install/evpi_bringup/share/evpi_bringup/launch/can.launch.py
-- Up-to-date: /home/crazyrobot/evpi_ws/install/evpi_bringup/share/evpi_bringup/launch/teleop.launch.py
-- Up-to-date: /home/crazyrobot/evpi_ws/install/evpi_bringup/share/evpi_bringup/launch/imu.launch.py
-- Up-to-date: /home/crazyrobot/evpi_ws/install/evpi_bringup/share/evpi_bringup/launch/velodyne.launch.py
-- Up-to-date: /home/crazyrobot/evpi_ws/install/evpi_bringup/share/evpi_bringup/config
-- Up-to-date: /home/crazyrobot/evpi_ws/install/evpi_bringup/share/evpi_bringup/config/xsens_mti_node.yaml
-- Up-to-date: /home/crazyrobot/evpi_ws/install/evpi_bringup/share/evpi_bringup/config/VLP16-velodyne_driver.yaml
-- Up-to-date: /home/crazyrobot/evpi_ws/install/evpi_bringup/share/evpi_bringup/config/ps3.config.yaml
-- Up-to-date: /home/crazyrobot/evpi_ws/install/evpi_bringup/share/evpi_bringup/config/camera_info.yaml
-- Up-to-date: /home/crazyrobot/evpi_ws/install/evpi_bringup/share/evpi_bringup/config/can_table.yaml
-- Up-to-date: /home/crazyrobot/evpi_ws/install/evpi_bringup/share/evpi_bringup/config/camera_params.yaml
-- Up-to-date: /home/crazyrobot/evpi_ws/install/evpi_bringup/share/evpi_bringup/include
-- Up-to-date: /home/crazyrobot/evpi_ws/install/evpi_bringup/share/evpi_bringup/include/evpi_bringup
-- Up-to-date: /home/crazyrobot/evpi_ws/install/evpi_bringup/share/evpi_bringup/include/evpi_bringup/can_manager.hpp
-- Up-to-date: /home/crazyrobot/evpi_ws/install/evpi_bringup/lib/evpi_bringup/talker
-- Up-to-date: /home/crazyrobot/evpi_ws/install/evpi_bringup/lib/evpi_bringup/can_manager
-- Up-to-date: /home/crazyrobot/evpi_ws/install/evpi_bringup/share/ament_index/resource_index/package_run_dependencies/evpi_bringup
-- Up-to-date: /home/crazyrobot/evpi_ws/install/evpi_bringup/share/ament_index/resource_index/parent_prefix_path/evpi_bringup
-- Up-to-date: /home/crazyrobot/evpi_ws/install/evpi_bringup/share/evpi_bringup/environment/ament_prefix_path.sh
-- Up-to-date: /home/crazyrobot/evpi_ws/install/evpi_bringup/share/evpi_bringup/environment/ament_prefix_path.dsv
-- Up-to-date: /home/crazyrobot/evpi_ws/install/evpi_bringup/share/evpi_bringup/environment/path.sh
-- Up-to-date: /home/crazyrobot/evpi_ws/install/evpi_bringup/share/evpi_bringup/environment/path.dsv
-- Up-to-date: /home/crazyrobot/evpi_ws/install/evpi_bringup/share/evpi_bringup/local_setup.bash
-- Up-to-date: /home/crazyrobot/evpi_ws/install/evpi_bringup/share/evpi_bringup/local_setup.sh
-- Up-to-date: /home/crazyrobot/evpi_ws/install/evpi_bringup/share/evpi_bringup/local_setup.zsh
-- Up-to-date: /home/crazyrobot/evpi_ws/install/evpi_bringup/share/evpi_bringup/local_setup.dsv
-- Installing: /home/crazyrobot/evpi_ws/install/evpi_bringup/share/evpi_bringup/package.dsv
-- Up-to-date: /home/crazyrobot/evpi_ws/install/evpi_bringup/share/ament_index/resource_index/packages/evpi_bringup
-- Up-to-date: /home/crazyrobot/evpi_ws/install/evpi_bringup/share/evpi_bringup/cmake/evpi_bringupConfig.cmake
-- Up-to-date: /home/crazyrobot/evpi_ws/install/evpi_bringup/share/evpi_bringup/cmake/evpi_bringupConfig-version.cmake
-- Up-to-date: /home/crazyrobot/evpi_ws/install/evpi_bringup/share/evpi_bringup/package.xml
