[0.011s] Invoking command in '/home/crazyrobot/evpi_ws/build/evpi_bringup': CMAKE_PREFIX_PATH=/home/crazyrobot/evpi_ws/install/evpi_interfaces:/home/crazyrobot/evpi_ws/install/evpi_uwb:/home/crazyrobot/evpi_ws/install/evpi_navigation:/home/crazyrobot/evpi_ws/install/evpi_bringup:/home/crazyrobot/evpi_ws/install/evpi_drive:/home/crazyrobot/evpi_ws/install/evpi_description:/home/crazyrobot/colcon_ws/install/turtlebot3_simulations:/home/crazyrobot/colcon_ws/install/turtlebot3_gazebo:/home/crazyrobot/colcon_ws/install/turtlebot3_fake_node:/opt/ros/foxy /usr/bin/cmake --build /home/crazyrobot/evpi_ws/build/evpi_bringup -- -j16 -l16
[0.049s] [ 75%] Built target talker
[0.049s] [100%] Built target can_manager
[0.056s] Invoked command in '/home/crazyrobot/evpi_ws/build/evpi_bringup' returned '0': CMAKE_PREFIX_PATH=/home/crazyrobot/evpi_ws/install/evpi_interfaces:/home/crazyrobot/evpi_ws/install/evpi_uwb:/home/crazyrobot/evpi_ws/install/evpi_navigation:/home/crazyrobot/evpi_ws/install/evpi_bringup:/home/crazyrobot/evpi_ws/install/evpi_drive:/home/crazyrobot/evpi_ws/install/evpi_description:/home/crazyrobot/colcon_ws/install/turtlebot3_simulations:/home/crazyrobot/colcon_ws/install/turtlebot3_gazebo:/home/crazyrobot/colcon_ws/install/turtlebot3_fake_node:/opt/ros/foxy /usr/bin/cmake --build /home/crazyrobot/evpi_ws/build/evpi_bringup -- -j16 -l16
[0.072s] Invoking command in '/home/crazyrobot/evpi_ws/build/evpi_bringup': CMAKE_PREFIX_PATH=/home/crazyrobot/evpi_ws/install/evpi_interfaces:/home/crazyrobot/evpi_ws/install/evpi_uwb:/home/crazyrobot/evpi_ws/install/evpi_navigation:/home/crazyrobot/evpi_ws/install/evpi_bringup:/home/crazyrobot/evpi_ws/install/evpi_drive:/home/crazyrobot/evpi_ws/install/evpi_description:/home/crazyrobot/colcon_ws/install/turtlebot3_simulations:/home/crazyrobot/colcon_ws/install/turtlebot3_gazebo:/home/crazyrobot/colcon_ws/install/turtlebot3_fake_node:/opt/ros/foxy /usr/bin/cmake --install /home/crazyrobot/evpi_ws/build/evpi_bringup
[0.078s] -- Install configuration: ""
[0.078s] -- Up-to-date: /home/crazyrobot/evpi_ws/install/evpi_bringup/share/evpi_bringup/launch
[0.078s] -- Up-to-date: /home/crazyrobot/evpi_ws/install/evpi_bringup/share/evpi_bringup/launch/can_manager.launch.py
[0.079s] -- Up-to-date: /home/crazyrobot/evpi_ws/install/evpi_bringup/share/evpi_bringup/launch/can.launch.py
[0.079s] -- Up-to-date: /home/crazyrobot/evpi_ws/install/evpi_bringup/share/evpi_bringup/launch/teleop.launch.py
[0.079s] -- Up-to-date: /home/crazyrobot/evpi_ws/install/evpi_bringup/share/evpi_bringup/launch/imu.launch.py
[0.079s] -- Up-to-date: /home/crazyrobot/evpi_ws/install/evpi_bringup/share/evpi_bringup/launch/velodyne.launch.py
[0.079s] -- Up-to-date: /home/crazyrobot/evpi_ws/install/evpi_bringup/share/evpi_bringup/config
[0.079s] -- Up-to-date: /home/crazyrobot/evpi_ws/install/evpi_bringup/share/evpi_bringup/config/xsens_mti_node.yaml
[0.079s] -- Up-to-date: /home/crazyrobot/evpi_ws/install/evpi_bringup/share/evpi_bringup/config/VLP16-velodyne_driver.yaml
[0.080s] -- Up-to-date: /home/crazyrobot/evpi_ws/install/evpi_bringup/share/evpi_bringup/config/ps3.config.yaml
[0.080s] -- Up-to-date: /home/crazyrobot/evpi_ws/install/evpi_bringup/share/evpi_bringup/config/camera_info.yaml
[0.081s] -- Up-to-date: /home/crazyrobot/evpi_ws/install/evpi_bringup/share/evpi_bringup/config/can_table.yaml
[0.081s] -- Up-to-date: /home/crazyrobot/evpi_ws/install/evpi_bringup/share/evpi_bringup/config/camera_params.yaml
[0.081s] -- Up-to-date: /home/crazyrobot/evpi_ws/install/evpi_bringup/share/evpi_bringup/include
[0.081s] -- Up-to-date: /home/crazyrobot/evpi_ws/install/evpi_bringup/share/evpi_bringup/include/evpi_bringup
[0.081s] -- Up-to-date: /home/crazyrobot/evpi_ws/install/evpi_bringup/share/evpi_bringup/include/evpi_bringup/can_manager.hpp
[0.082s] -- Up-to-date: /home/crazyrobot/evpi_ws/install/evpi_bringup/lib/evpi_bringup/talker
[0.082s] -- Up-to-date: /home/crazyrobot/evpi_ws/install/evpi_bringup/lib/evpi_bringup/can_manager
[0.083s] -- Up-to-date: /home/crazyrobot/evpi_ws/install/evpi_bringup/share/ament_index/resource_index/package_run_dependencies/evpi_bringup
[0.083s] -- Up-to-date: /home/crazyrobot/evpi_ws/install/evpi_bringup/share/ament_index/resource_index/parent_prefix_path/evpi_bringup
[0.083s] -- Up-to-date: /home/crazyrobot/evpi_ws/install/evpi_bringup/share/evpi_bringup/environment/ament_prefix_path.sh
[0.083s] -- Up-to-date: /home/crazyrobot/evpi_ws/install/evpi_bringup/share/evpi_bringup/environment/ament_prefix_path.dsv
[0.084s] -- Up-to-date: /home/crazyrobot/evpi_ws/install/evpi_bringup/share/evpi_bringup/environment/path.sh
[0.084s] -- Up-to-date: /home/crazyrobot/evpi_ws/install/evpi_bringup/share/evpi_bringup/environment/path.dsv
[0.084s] -- Up-to-date: /home/crazyrobot/evpi_ws/install/evpi_bringup/share/evpi_bringup/local_setup.bash
[0.084s] -- Up-to-date: /home/crazyrobot/evpi_ws/install/evpi_bringup/share/evpi_bringup/local_setup.sh
[0.084s] -- Up-to-date: /home/crazyrobot/evpi_ws/install/evpi_bringup/share/evpi_bringup/local_setup.zsh
[0.084s] -- Up-to-date: /home/crazyrobot/evpi_ws/install/evpi_bringup/share/evpi_bringup/local_setup.dsv
[0.084s] -- Installing: /home/crazyrobot/evpi_ws/install/evpi_bringup/share/evpi_bringup/package.dsv
[0.085s] -- Up-to-date: /home/crazyrobot/evpi_ws/install/evpi_bringup/share/ament_index/resource_index/packages/evpi_bringup
[0.085s] -- Up-to-date: /home/crazyrobot/evpi_ws/install/evpi_bringup/share/evpi_bringup/cmake/evpi_bringupConfig.cmake
[0.085s] -- Up-to-date: /home/crazyrobot/evpi_ws/install/evpi_bringup/share/evpi_bringup/cmake/evpi_bringupConfig-version.cmake
[0.085s] -- Up-to-date: /home/crazyrobot/evpi_ws/install/evpi_bringup/share/evpi_bringup/package.xml
[0.086s] Invoked command in '/home/crazyrobot/evpi_ws/build/evpi_bringup' returned '0': CMAKE_PREFIX_PATH=/home/crazyrobot/evpi_ws/install/evpi_interfaces:/home/crazyrobot/evpi_ws/install/evpi_uwb:/home/crazyrobot/evpi_ws/install/evpi_navigation:/home/crazyrobot/evpi_ws/install/evpi_bringup:/home/crazyrobot/evpi_ws/install/evpi_drive:/home/crazyrobot/evpi_ws/install/evpi_description:/home/crazyrobot/colcon_ws/install/turtlebot3_simulations:/home/crazyrobot/colcon_ws/install/turtlebot3_gazebo:/home/crazyrobot/colcon_ws/install/turtlebot3_fake_node:/opt/ros/foxy /usr/bin/cmake --install /home/crazyrobot/evpi_ws/build/evpi_bringup
