[  2%] Built target evpi_interfaces__cpp
[ 12%] Built target evpi_interfaces__rosidl_generator_c
[ 33%] Built target evpi_interfaces__rosidl_typesupport_introspection_cpp
[ 33%] Built target evpi_interfaces__rosidl_typesupport_cpp
[ 43%] Built target evpi_interfaces__rosidl_typesupport_introspection_c
[ 53%] Built target evpi_interfaces__rosidl_typesupport_fastrtps_cpp
[ 64%] Built target evpi_interfaces__rosidl_typesupport_c
[ 74%] Built target evpi_interfaces__rosidl_typesupport_fastrtps_c
[ 74%] Built target evpi_interfaces
[ 76%] Built target evpi_interfaces__py
[ 84%] Built target evpi_interfaces__python
[100%] Built target evpi_interfaces__rosidl_typesupport_fastrtps_c__pyext
[100%] Built target evpi_interfaces__rosidl_typesupport_introspection_c__pyext
[100%] Built target evpi_interfaces__rosidl_typesupport_c__pyext
-- Install configuration: ""
-- Up-to-date: /home/crazyrobot/evpi_ws/install/evpi_interfaces/share/ament_index/resource_index/rosidl_interfaces/evpi_interfaces
-- Up-to-date: /home/crazyrobot/evpi_ws/install/evpi_interfaces/include/evpi_interfaces
-- Up-to-date: /home/crazyrobot/evpi_ws/install/evpi_interfaces/include/evpi_interfaces/msg
-- Up-to-date: /home/crazyrobot/evpi_ws/install/evpi_interfaces/include/evpi_interfaces/msg/rosidl_generator_c__visibility_control.h
-- Up-to-date: /home/crazyrobot/evpi_ws/install/evpi_interfaces/include/evpi_interfaces/msg/detail
-- Up-to-date: /home/crazyrobot/evpi_ws/install/evpi_interfaces/include/evpi_interfaces/msg/detail/multi_range__struct.h
-- Up-to-date: /home/crazyrobot/evpi_ws/install/evpi_interfaces/include/evpi_interfaces/msg/detail/mode__functions.h
-- Up-to-date: /home/crazyrobot/evpi_ws/install/evpi_interfaces/include/evpi_interfaces/msg/detail/multi_range__functions.c
-- Up-to-date: /home/crazyrobot/evpi_ws/install/evpi_interfaces/include/evpi_interfaces/msg/detail/multi_range__functions.h
-- Up-to-date: /home/crazyrobot/evpi_ws/install/evpi_interfaces/include/evpi_interfaces/msg/detail/multi_range__type_support.h
-- Up-to-date: /home/crazyrobot/evpi_ws/install/evpi_interfaces/include/evpi_interfaces/msg/detail/mode__functions.c
-- Up-to-date: /home/crazyrobot/evpi_ws/install/evpi_interfaces/include/evpi_interfaces/msg/detail/mode__type_support.h
-- Up-to-date: /home/crazyrobot/evpi_ws/install/evpi_interfaces/include/evpi_interfaces/msg/detail/mode__struct.h
-- Up-to-date: /home/crazyrobot/evpi_ws/install/evpi_interfaces/include/evpi_interfaces/msg/multi_range.h
-- Up-to-date: /home/crazyrobot/evpi_ws/install/evpi_interfaces/include/evpi_interfaces/msg/mode.h
-- Up-to-date: /home/crazyrobot/evpi_ws/install/evpi_interfaces/share/evpi_interfaces/environment/library_path.sh
-- Up-to-date: /home/crazyrobot/evpi_ws/install/evpi_interfaces/share/evpi_interfaces/environment/library_path.dsv
-- Up-to-date: /home/crazyrobot/evpi_ws/install/evpi_interfaces/lib/libevpi_interfaces__rosidl_generator_c.so
-- Up-to-date: /home/crazyrobot/evpi_ws/install/evpi_interfaces/include/evpi_interfaces
-- Up-to-date: /home/crazyrobot/evpi_ws/install/evpi_interfaces/include/evpi_interfaces/msg
-- Up-to-date: /home/crazyrobot/evpi_ws/install/evpi_interfaces/include/evpi_interfaces/msg/rosidl_typesupport_fastrtps_c__visibility_control.h
-- Up-to-date: /home/crazyrobot/evpi_ws/install/evpi_interfaces/include/evpi_interfaces/msg/detail
-- Up-to-date: /home/crazyrobot/evpi_ws/install/evpi_interfaces/include/evpi_interfaces/msg/detail/mode__rosidl_typesupport_fastrtps_c.h
-- Up-to-date: /home/crazyrobot/evpi_ws/install/evpi_interfaces/include/evpi_interfaces/msg/detail/multi_range__rosidl_typesupport_fastrtps_c.h
-- Up-to-date: /home/crazyrobot/evpi_ws/install/evpi_interfaces/lib/libevpi_interfaces__rosidl_typesupport_fastrtps_c.so
-- Up-to-date: /home/crazyrobot/evpi_ws/install/evpi_interfaces/include/evpi_interfaces
-- Up-to-date: /home/crazyrobot/evpi_ws/install/evpi_interfaces/include/evpi_interfaces/msg
-- Up-to-date: /home/crazyrobot/evpi_ws/install/evpi_interfaces/include/evpi_interfaces/msg/rosidl_typesupport_fastrtps_cpp__visibility_control.h
-- Up-to-date: /home/crazyrobot/evpi_ws/install/evpi_interfaces/include/evpi_interfaces/msg/detail
-- Up-to-date: /home/crazyrobot/evpi_ws/install/evpi_interfaces/include/evpi_interfaces/msg/detail/dds_fastrtps
-- Up-to-date: /home/crazyrobot/evpi_ws/install/evpi_interfaces/include/evpi_interfaces/msg/detail/mode__rosidl_typesupport_fastrtps_cpp.hpp
-- Up-to-date: /home/crazyrobot/evpi_ws/install/evpi_interfaces/include/evpi_interfaces/msg/detail/multi_range__rosidl_typesupport_fastrtps_cpp.hpp
-- Up-to-date: /home/crazyrobot/evpi_ws/install/evpi_interfaces/lib/libevpi_interfaces__rosidl_typesupport_fastrtps_cpp.so
-- Up-to-date: /home/crazyrobot/evpi_ws/install/evpi_interfaces/include/evpi_interfaces
-- Up-to-date: /home/crazyrobot/evpi_ws/install/evpi_interfaces/include/evpi_interfaces/msg
-- Up-to-date: /home/crazyrobot/evpi_ws/install/evpi_interfaces/include/evpi_interfaces/msg/detail
-- Up-to-date: /home/crazyrobot/evpi_ws/install/evpi_interfaces/include/evpi_interfaces/msg/detail/multi_range__rosidl_typesupport_introspection_c.h
-- Up-to-date: /home/crazyrobot/evpi_ws/install/evpi_interfaces/include/evpi_interfaces/msg/detail/mode__rosidl_typesupport_introspection_c.h
-- Up-to-date: /home/crazyrobot/evpi_ws/install/evpi_interfaces/include/evpi_interfaces/msg/detail/multi_range__type_support.c
-- Up-to-date: /home/crazyrobot/evpi_ws/install/evpi_interfaces/include/evpi_interfaces/msg/detail/mode__type_support.c
-- Up-to-date: /home/crazyrobot/evpi_ws/install/evpi_interfaces/include/evpi_interfaces/msg/rosidl_typesupport_introspection_c__visibility_control.h
-- Up-to-date: /home/crazyrobot/evpi_ws/install/evpi_interfaces/lib/libevpi_interfaces__rosidl_typesupport_introspection_c.so
-- Up-to-date: /home/crazyrobot/evpi_ws/install/evpi_interfaces/lib/libevpi_interfaces__rosidl_typesupport_c.so
-- Up-to-date: /home/crazyrobot/evpi_ws/install/evpi_interfaces/include/evpi_interfaces
-- Up-to-date: /home/crazyrobot/evpi_ws/install/evpi_interfaces/include/evpi_interfaces/msg
-- Up-to-date: /home/crazyrobot/evpi_ws/install/evpi_interfaces/include/evpi_interfaces/msg/detail
-- Up-to-date: /home/crazyrobot/evpi_ws/install/evpi_interfaces/include/evpi_interfaces/msg/detail/mode__traits.hpp
-- Up-to-date: /home/crazyrobot/evpi_ws/install/evpi_interfaces/include/evpi_interfaces/msg/detail/multi_range__traits.hpp
-- Up-to-date: /home/crazyrobot/evpi_ws/install/evpi_interfaces/include/evpi_interfaces/msg/detail/mode__struct.hpp
-- Up-to-date: /home/crazyrobot/evpi_ws/install/evpi_interfaces/include/evpi_interfaces/msg/detail/mode__builder.hpp
-- Up-to-date: /home/crazyrobot/evpi_ws/install/evpi_interfaces/include/evpi_interfaces/msg/detail/multi_range__struct.hpp
-- Up-to-date: /home/crazyrobot/evpi_ws/install/evpi_interfaces/include/evpi_interfaces/msg/detail/multi_range__builder.hpp
-- Up-to-date: /home/crazyrobot/evpi_ws/install/evpi_interfaces/include/evpi_interfaces/msg/multi_range.hpp
-- Up-to-date: /home/crazyrobot/evpi_ws/install/evpi_interfaces/include/evpi_interfaces/msg/mode.hpp
-- Up-to-date: /home/crazyrobot/evpi_ws/install/evpi_interfaces/include/evpi_interfaces
-- Up-to-date: /home/crazyrobot/evpi_ws/install/evpi_interfaces/include/evpi_interfaces/msg
-- Up-to-date: /home/crazyrobot/evpi_ws/install/evpi_interfaces/include/evpi_interfaces/msg/detail
-- Up-to-date: /home/crazyrobot/evpi_ws/install/evpi_interfaces/include/evpi_interfaces/msg/detail/mode__type_support.cpp
-- Up-to-date: /home/crazyrobot/evpi_ws/install/evpi_interfaces/include/evpi_interfaces/msg/detail/mode__rosidl_typesupport_introspection_cpp.hpp
-- Up-to-date: /home/crazyrobot/evpi_ws/install/evpi_interfaces/include/evpi_interfaces/msg/detail/multi_range__type_support.cpp
-- Up-to-date: /home/crazyrobot/evpi_ws/install/evpi_interfaces/include/evpi_interfaces/msg/detail/multi_range__rosidl_typesupport_introspection_cpp.hpp
-- Up-to-date: /home/crazyrobot/evpi_ws/install/evpi_interfaces/lib/libevpi_interfaces__rosidl_typesupport_introspection_cpp.so
-- Up-to-date: /home/crazyrobot/evpi_ws/install/evpi_interfaces/lib/libevpi_interfaces__rosidl_typesupport_cpp.so
-- Up-to-date: /home/crazyrobot/evpi_ws/install/evpi_interfaces/share/evpi_interfaces/environment/pythonpath.sh
-- Up-to-date: /home/crazyrobot/evpi_ws/install/evpi_interfaces/share/evpi_interfaces/environment/pythonpath.dsv
-- Up-to-date: /home/crazyrobot/evpi_ws/install/evpi_interfaces/lib/python3.8/site-packages/evpi_interfaces/__init__.py
-- Up-to-date: /home/crazyrobot/evpi_ws/install/evpi_interfaces/lib/python3.8/site-packages/evpi_interfaces/msg
-- Up-to-date: /home/crazyrobot/evpi_ws/install/evpi_interfaces/lib/python3.8/site-packages/evpi_interfaces/msg/_mode_s.c
-- Up-to-date: /home/crazyrobot/evpi_ws/install/evpi_interfaces/lib/python3.8/site-packages/evpi_interfaces/msg/_multi_range_s.c
-- Up-to-date: /home/crazyrobot/evpi_ws/install/evpi_interfaces/lib/python3.8/site-packages/evpi_interfaces/msg/_mode.py
-- Up-to-date: /home/crazyrobot/evpi_ws/install/evpi_interfaces/lib/python3.8/site-packages/evpi_interfaces/msg/__init__.py
-- Up-to-date: /home/crazyrobot/evpi_ws/install/evpi_interfaces/lib/python3.8/site-packages/evpi_interfaces/msg/_multi_range.py
-- Up-to-date: /home/crazyrobot/evpi_ws/install/evpi_interfaces/lib/python3.8/site-packages/evpi_interfaces/evpi_interfaces_s__rosidl_typesupport_fastrtps_c.cpython-38-x86_64-linux-gnu.so
-- Up-to-date: /home/crazyrobot/evpi_ws/install/evpi_interfaces/lib/python3.8/site-packages/evpi_interfaces/evpi_interfaces_s__rosidl_typesupport_introspection_c.cpython-38-x86_64-linux-gnu.so
-- Up-to-date: /home/crazyrobot/evpi_ws/install/evpi_interfaces/lib/python3.8/site-packages/evpi_interfaces/evpi_interfaces_s__rosidl_typesupport_c.cpython-38-x86_64-linux-gnu.so
-- Up-to-date: /home/crazyrobot/evpi_ws/install/evpi_interfaces/lib/libevpi_interfaces__python.so
-- Up-to-date: /home/crazyrobot/evpi_ws/install/evpi_interfaces/share/evpi_interfaces/msg/Mode.idl
-- Up-to-date: /home/crazyrobot/evpi_ws/install/evpi_interfaces/share/evpi_interfaces/msg/MultiRange.idl
-- Up-to-date: /home/crazyrobot/evpi_ws/install/evpi_interfaces/share/evpi_interfaces/msg/Mode.msg
-- Up-to-date: /home/crazyrobot/evpi_ws/install/evpi_interfaces/share/evpi_interfaces/msg/MultiRange.msg
-- Up-to-date: /home/crazyrobot/evpi_ws/install/evpi_interfaces/share/ament_index/resource_index/package_run_dependencies/evpi_interfaces
-- Up-to-date: /home/crazyrobot/evpi_ws/install/evpi_interfaces/share/ament_index/resource_index/parent_prefix_path/evpi_interfaces
-- Up-to-date: /home/crazyrobot/evpi_ws/install/evpi_interfaces/share/evpi_interfaces/environment/ament_prefix_path.sh
-- Up-to-date: /home/crazyrobot/evpi_ws/install/evpi_interfaces/share/evpi_interfaces/environment/ament_prefix_path.dsv
-- Up-to-date: /home/crazyrobot/evpi_ws/install/evpi_interfaces/share/evpi_interfaces/environment/path.sh
-- Up-to-date: /home/crazyrobot/evpi_ws/install/evpi_interfaces/share/evpi_interfaces/environment/path.dsv
-- Up-to-date: /home/crazyrobot/evpi_ws/install/evpi_interfaces/share/evpi_interfaces/local_setup.bash
-- Up-to-date: /home/crazyrobot/evpi_ws/install/evpi_interfaces/share/evpi_interfaces/local_setup.sh
-- Up-to-date: /home/crazyrobot/evpi_ws/install/evpi_interfaces/share/evpi_interfaces/local_setup.zsh
-- Up-to-date: /home/crazyrobot/evpi_ws/install/evpi_interfaces/share/evpi_interfaces/local_setup.dsv
-- Installing: /home/crazyrobot/evpi_ws/install/evpi_interfaces/share/evpi_interfaces/package.dsv
-- Up-to-date: /home/crazyrobot/evpi_ws/install/evpi_interfaces/share/ament_index/resource_index/packages/evpi_interfaces
-- Up-to-date: /home/crazyrobot/evpi_ws/install/evpi_interfaces/share/evpi_interfaces/cmake/evpi_interfaces__rosidl_generator_cExport.cmake
-- Up-to-date: /home/crazyrobot/evpi_ws/install/evpi_interfaces/share/evpi_interfaces/cmake/evpi_interfaces__rosidl_generator_cExport-noconfig.cmake
-- Up-to-date: /home/crazyrobot/evpi_ws/install/evpi_interfaces/share/evpi_interfaces/cmake/evpi_interfaces__rosidl_typesupport_introspection_cExport.cmake
-- Up-to-date: /home/crazyrobot/evpi_ws/install/evpi_interfaces/share/evpi_interfaces/cmake/evpi_interfaces__rosidl_typesupport_introspection_cExport-noconfig.cmake
-- Up-to-date: /home/crazyrobot/evpi_ws/install/evpi_interfaces/share/evpi_interfaces/cmake/evpi_interfaces__rosidl_typesupport_cExport.cmake
-- Up-to-date: /home/crazyrobot/evpi_ws/install/evpi_interfaces/share/evpi_interfaces/cmake/evpi_interfaces__rosidl_typesupport_cExport-noconfig.cmake
-- Up-to-date: /home/crazyrobot/evpi_ws/install/evpi_interfaces/share/evpi_interfaces/cmake/evpi_interfaces__rosidl_generator_cppExport.cmake
-- Up-to-date: /home/crazyrobot/evpi_ws/install/evpi_interfaces/share/evpi_interfaces/cmake/evpi_interfaces__rosidl_typesupport_introspection_cppExport.cmake
-- Up-to-date: /home/crazyrobot/evpi_ws/install/evpi_interfaces/share/evpi_interfaces/cmake/evpi_interfaces__rosidl_typesupport_introspection_cppExport-noconfig.cmake
-- Up-to-date: /home/crazyrobot/evpi_ws/install/evpi_interfaces/share/evpi_interfaces/cmake/evpi_interfaces__rosidl_typesupport_cppExport.cmake
-- Up-to-date: /home/crazyrobot/evpi_ws/install/evpi_interfaces/share/evpi_interfaces/cmake/evpi_interfaces__rosidl_typesupport_cppExport-noconfig.cmake
-- Up-to-date: /home/crazyrobot/evpi_ws/install/evpi_interfaces/share/evpi_interfaces/cmake/rosidl_cmake-extras.cmake
-- Up-to-date: /home/crazyrobot/evpi_ws/install/evpi_interfaces/share/evpi_interfaces/cmake/ament_cmake_export_dependencies-extras.cmake
-- Up-to-date: /home/crazyrobot/evpi_ws/install/evpi_interfaces/share/evpi_interfaces/cmake/ament_cmake_export_libraries-extras.cmake
-- Up-to-date: /home/crazyrobot/evpi_ws/install/evpi_interfaces/share/evpi_interfaces/cmake/ament_cmake_export_targets-extras.cmake
-- Up-to-date: /home/crazyrobot/evpi_ws/install/evpi_interfaces/share/evpi_interfaces/cmake/ament_cmake_export_include_directories-extras.cmake
-- Up-to-date: /home/crazyrobot/evpi_ws/install/evpi_interfaces/share/evpi_interfaces/cmake/rosidl_cmake_export_typesupport_libraries-extras.cmake
-- Up-to-date: /home/crazyrobot/evpi_ws/install/evpi_interfaces/share/evpi_interfaces/cmake/rosidl_cmake_export_typesupport_targets-extras.cmake
-- Up-to-date: /home/crazyrobot/evpi_ws/install/evpi_interfaces/share/evpi_interfaces/cmake/evpi_interfacesConfig.cmake
-- Up-to-date: /home/crazyrobot/evpi_ws/install/evpi_interfaces/share/evpi_interfaces/cmake/evpi_interfacesConfig-version.cmake
-- Up-to-date: /home/crazyrobot/evpi_ws/install/evpi_interfaces/share/evpi_interfaces/package.xml
