[0.024s] Invoking command in '/home/crazyrobot/evpi_ws/build/evpi_interfaces': CMAKE_PREFIX_PATH=${CMAKE_PREFIX_PATH}:/opt/ros/foxy /usr/bin/cmake --build /home/crazyrobot/evpi_ws/build/evpi_interfaces -- -j16 -l16
[0.058s] [  2%] Built target evpi_interfaces__cpp
[0.059s] [ 12%] Built target evpi_interfaces__rosidl_generator_c
[0.074s] [ 33%] Built target evpi_interfaces__rosidl_typesupport_introspection_cpp
[0.074s] [ 33%] Built target evpi_interfaces__rosidl_typesupport_cpp
[0.074s] [ 43%] Built target evpi_interfaces__rosidl_typesupport_introspection_c
[0.077s] [ 53%] Built target evpi_interfaces__rosidl_typesupport_fastrtps_cpp
[0.077s] [ 64%] Built target evpi_interfaces__rosidl_typesupport_c
[0.094s] [ 74%] Built target evpi_interfaces__rosidl_typesupport_fastrtps_c
[0.108s] [ 74%] Built target evpi_interfaces
[0.121s] [ 76%] Built target evpi_interfaces__py
[0.140s] [ 84%] Built target evpi_interfaces__python
[0.156s] [100%] Built target evpi_interfaces__rosidl_typesupport_fastrtps_c__pyext
[0.156s] [100%] Built target evpi_interfaces__rosidl_typesupport_introspection_c__pyext
[0.156s] [100%] Built target evpi_interfaces__rosidl_typesupport_c__pyext
[0.164s] Invoked command in '/home/crazyrobot/evpi_ws/build/evpi_interfaces' returned '0': CMAKE_PREFIX_PATH=${CMAKE_PREFIX_PATH}:/opt/ros/foxy /usr/bin/cmake --build /home/crazyrobot/evpi_ws/build/evpi_interfaces -- -j16 -l16
[0.200s] Invoking command in '/home/crazyrobot/evpi_ws/build/evpi_interfaces': CMAKE_PREFIX_PATH=${CMAKE_PREFIX_PATH}:/opt/ros/foxy /usr/bin/cmake --install /home/crazyrobot/evpi_ws/build/evpi_interfaces
[0.206s] -- Install configuration: ""
[0.206s] -- Up-to-date: /home/crazyrobot/evpi_ws/install/evpi_interfaces/share/ament_index/resource_index/rosidl_interfaces/evpi_interfaces
[0.206s] -- Up-to-date: /home/crazyrobot/evpi_ws/install/evpi_interfaces/include/evpi_interfaces
[0.206s] -- Up-to-date: /home/crazyrobot/evpi_ws/install/evpi_interfaces/include/evpi_interfaces/msg
[0.206s] -- Up-to-date: /home/crazyrobot/evpi_ws/install/evpi_interfaces/include/evpi_interfaces/msg/rosidl_generator_c__visibility_control.h
[0.206s] -- Up-to-date: /home/crazyrobot/evpi_ws/install/evpi_interfaces/include/evpi_interfaces/msg/detail
[0.206s] -- Up-to-date: /home/crazyrobot/evpi_ws/install/evpi_interfaces/include/evpi_interfaces/msg/detail/multi_range__struct.h
[0.206s] -- Up-to-date: /home/crazyrobot/evpi_ws/install/evpi_interfaces/include/evpi_interfaces/msg/detail/mode__functions.h
[0.206s] -- Up-to-date: /home/crazyrobot/evpi_ws/install/evpi_interfaces/include/evpi_interfaces/msg/detail/multi_range__functions.c
[0.206s] -- Up-to-date: /home/crazyrobot/evpi_ws/install/evpi_interfaces/include/evpi_interfaces/msg/detail/multi_range__functions.h
[0.207s] -- Up-to-date: /home/crazyrobot/evpi_ws/install/evpi_interfaces/include/evpi_interfaces/msg/detail/multi_range__type_support.h
[0.207s] -- Up-to-date: /home/crazyrobot/evpi_ws/install/evpi_interfaces/include/evpi_interfaces/msg/detail/mode__functions.c
[0.207s] -- Up-to-date: /home/crazyrobot/evpi_ws/install/evpi_interfaces/include/evpi_interfaces/msg/detail/mode__type_support.h
[0.207s] -- Up-to-date: /home/crazyrobot/evpi_ws/install/evpi_interfaces/include/evpi_interfaces/msg/detail/mode__struct.h
[0.207s] -- Up-to-date: /home/crazyrobot/evpi_ws/install/evpi_interfaces/include/evpi_interfaces/msg/multi_range.h
[0.207s] -- Up-to-date: /home/crazyrobot/evpi_ws/install/evpi_interfaces/include/evpi_interfaces/msg/mode.h
[0.207s] -- Up-to-date: /home/crazyrobot/evpi_ws/install/evpi_interfaces/share/evpi_interfaces/environment/library_path.sh
[0.207s] -- Up-to-date: /home/crazyrobot/evpi_ws/install/evpi_interfaces/share/evpi_interfaces/environment/library_path.dsv
[0.207s] -- Up-to-date: /home/crazyrobot/evpi_ws/install/evpi_interfaces/lib/libevpi_interfaces__rosidl_generator_c.so
[0.207s] -- Up-to-date: /home/crazyrobot/evpi_ws/install/evpi_interfaces/include/evpi_interfaces
[0.207s] -- Up-to-date: /home/crazyrobot/evpi_ws/install/evpi_interfaces/include/evpi_interfaces/msg
[0.207s] -- Up-to-date: /home/crazyrobot/evpi_ws/install/evpi_interfaces/include/evpi_interfaces/msg/rosidl_typesupport_fastrtps_c__visibility_control.h
[0.207s] -- Up-to-date: /home/crazyrobot/evpi_ws/install/evpi_interfaces/include/evpi_interfaces/msg/detail
[0.207s] -- Up-to-date: /home/crazyrobot/evpi_ws/install/evpi_interfaces/include/evpi_interfaces/msg/detail/mode__rosidl_typesupport_fastrtps_c.h
[0.207s] -- Up-to-date: /home/crazyrobot/evpi_ws/install/evpi_interfaces/include/evpi_interfaces/msg/detail/multi_range__rosidl_typesupport_fastrtps_c.h
[0.207s] -- Up-to-date: /home/crazyrobot/evpi_ws/install/evpi_interfaces/lib/libevpi_interfaces__rosidl_typesupport_fastrtps_c.so
[0.208s] -- Up-to-date: /home/crazyrobot/evpi_ws/install/evpi_interfaces/include/evpi_interfaces
[0.208s] -- Up-to-date: /home/crazyrobot/evpi_ws/install/evpi_interfaces/include/evpi_interfaces/msg
[0.208s] -- Up-to-date: /home/crazyrobot/evpi_ws/install/evpi_interfaces/include/evpi_interfaces/msg/rosidl_typesupport_fastrtps_cpp__visibility_control.h
[0.208s] -- Up-to-date: /home/crazyrobot/evpi_ws/install/evpi_interfaces/include/evpi_interfaces/msg/detail
[0.208s] -- Up-to-date: /home/crazyrobot/evpi_ws/install/evpi_interfaces/include/evpi_interfaces/msg/detail/dds_fastrtps
[0.208s] -- Up-to-date: /home/crazyrobot/evpi_ws/install/evpi_interfaces/include/evpi_interfaces/msg/detail/mode__rosidl_typesupport_fastrtps_cpp.hpp
[0.208s] -- Up-to-date: /home/crazyrobot/evpi_ws/install/evpi_interfaces/include/evpi_interfaces/msg/detail/multi_range__rosidl_typesupport_fastrtps_cpp.hpp
[0.208s] -- Up-to-date: /home/crazyrobot/evpi_ws/install/evpi_interfaces/lib/libevpi_interfaces__rosidl_typesupport_fastrtps_cpp.so
[0.208s] -- Up-to-date: /home/crazyrobot/evpi_ws/install/evpi_interfaces/include/evpi_interfaces
[0.208s] -- Up-to-date: /home/crazyrobot/evpi_ws/install/evpi_interfaces/include/evpi_interfaces/msg
[0.208s] -- Up-to-date: /home/crazyrobot/evpi_ws/install/evpi_interfaces/include/evpi_interfaces/msg/detail
[0.208s] -- Up-to-date: /home/crazyrobot/evpi_ws/install/evpi_interfaces/include/evpi_interfaces/msg/detail/multi_range__rosidl_typesupport_introspection_c.h
[0.208s] -- Up-to-date: /home/crazyrobot/evpi_ws/install/evpi_interfaces/include/evpi_interfaces/msg/detail/mode__rosidl_typesupport_introspection_c.h
[0.208s] -- Up-to-date: /home/crazyrobot/evpi_ws/install/evpi_interfaces/include/evpi_interfaces/msg/detail/multi_range__type_support.c
[0.208s] -- Up-to-date: /home/crazyrobot/evpi_ws/install/evpi_interfaces/include/evpi_interfaces/msg/detail/mode__type_support.c
[0.208s] -- Up-to-date: /home/crazyrobot/evpi_ws/install/evpi_interfaces/include/evpi_interfaces/msg/rosidl_typesupport_introspection_c__visibility_control.h
[0.208s] -- Up-to-date: /home/crazyrobot/evpi_ws/install/evpi_interfaces/lib/libevpi_interfaces__rosidl_typesupport_introspection_c.so
[0.208s] -- Up-to-date: /home/crazyrobot/evpi_ws/install/evpi_interfaces/lib/libevpi_interfaces__rosidl_typesupport_c.so
[0.209s] -- Up-to-date: /home/crazyrobot/evpi_ws/install/evpi_interfaces/include/evpi_interfaces
[0.209s] -- Up-to-date: /home/crazyrobot/evpi_ws/install/evpi_interfaces/include/evpi_interfaces/msg
[0.209s] -- Up-to-date: /home/crazyrobot/evpi_ws/install/evpi_interfaces/include/evpi_interfaces/msg/detail
[0.209s] -- Up-to-date: /home/crazyrobot/evpi_ws/install/evpi_interfaces/include/evpi_interfaces/msg/detail/mode__traits.hpp
[0.209s] -- Up-to-date: /home/crazyrobot/evpi_ws/install/evpi_interfaces/include/evpi_interfaces/msg/detail/multi_range__traits.hpp
[0.209s] -- Up-to-date: /home/crazyrobot/evpi_ws/install/evpi_interfaces/include/evpi_interfaces/msg/detail/mode__struct.hpp
[0.209s] -- Up-to-date: /home/crazyrobot/evpi_ws/install/evpi_interfaces/include/evpi_interfaces/msg/detail/mode__builder.hpp
[0.209s] -- Up-to-date: /home/crazyrobot/evpi_ws/install/evpi_interfaces/include/evpi_interfaces/msg/detail/multi_range__struct.hpp
[0.209s] -- Up-to-date: /home/crazyrobot/evpi_ws/install/evpi_interfaces/include/evpi_interfaces/msg/detail/multi_range__builder.hpp
[0.209s] -- Up-to-date: /home/crazyrobot/evpi_ws/install/evpi_interfaces/include/evpi_interfaces/msg/multi_range.hpp
[0.209s] -- Up-to-date: /home/crazyrobot/evpi_ws/install/evpi_interfaces/include/evpi_interfaces/msg/mode.hpp
[0.209s] -- Up-to-date: /home/crazyrobot/evpi_ws/install/evpi_interfaces/include/evpi_interfaces
[0.209s] -- Up-to-date: /home/crazyrobot/evpi_ws/install/evpi_interfaces/include/evpi_interfaces/msg
[0.209s] -- Up-to-date: /home/crazyrobot/evpi_ws/install/evpi_interfaces/include/evpi_interfaces/msg/detail
[0.209s] -- Up-to-date: /home/crazyrobot/evpi_ws/install/evpi_interfaces/include/evpi_interfaces/msg/detail/mode__type_support.cpp
[0.209s] -- Up-to-date: /home/crazyrobot/evpi_ws/install/evpi_interfaces/include/evpi_interfaces/msg/detail/mode__rosidl_typesupport_introspection_cpp.hpp
[0.209s] -- Up-to-date: /home/crazyrobot/evpi_ws/install/evpi_interfaces/include/evpi_interfaces/msg/detail/multi_range__type_support.cpp
[0.209s] -- Up-to-date: /home/crazyrobot/evpi_ws/install/evpi_interfaces/include/evpi_interfaces/msg/detail/multi_range__rosidl_typesupport_introspection_cpp.hpp
[0.209s] -- Up-to-date: /home/crazyrobot/evpi_ws/install/evpi_interfaces/lib/libevpi_interfaces__rosidl_typesupport_introspection_cpp.so
[0.209s] -- Up-to-date: /home/crazyrobot/evpi_ws/install/evpi_interfaces/lib/libevpi_interfaces__rosidl_typesupport_cpp.so
[0.209s] -- Up-to-date: /home/crazyrobot/evpi_ws/install/evpi_interfaces/share/evpi_interfaces/environment/pythonpath.sh
[0.209s] -- Up-to-date: /home/crazyrobot/evpi_ws/install/evpi_interfaces/share/evpi_interfaces/environment/pythonpath.dsv
[0.210s] -- Up-to-date: /home/crazyrobot/evpi_ws/install/evpi_interfaces/lib/python3.8/site-packages/evpi_interfaces/__init__.py
[0.230s] -- Up-to-date: /home/crazyrobot/evpi_ws/install/evpi_interfaces/lib/python3.8/site-packages/evpi_interfaces/msg
[0.230s] -- Up-to-date: /home/crazyrobot/evpi_ws/install/evpi_interfaces/lib/python3.8/site-packages/evpi_interfaces/msg/_mode_s.c
[0.230s] -- Up-to-date: /home/crazyrobot/evpi_ws/install/evpi_interfaces/lib/python3.8/site-packages/evpi_interfaces/msg/_multi_range_s.c
[0.230s] -- Up-to-date: /home/crazyrobot/evpi_ws/install/evpi_interfaces/lib/python3.8/site-packages/evpi_interfaces/msg/_mode.py
[0.230s] -- Up-to-date: /home/crazyrobot/evpi_ws/install/evpi_interfaces/lib/python3.8/site-packages/evpi_interfaces/msg/__init__.py
[0.230s] -- Up-to-date: /home/crazyrobot/evpi_ws/install/evpi_interfaces/lib/python3.8/site-packages/evpi_interfaces/msg/_multi_range.py
[0.230s] -- Up-to-date: /home/crazyrobot/evpi_ws/install/evpi_interfaces/lib/python3.8/site-packages/evpi_interfaces/evpi_interfaces_s__rosidl_typesupport_fastrtps_c.cpython-38-x86_64-linux-gnu.so
[0.231s] -- Up-to-date: /home/crazyrobot/evpi_ws/install/evpi_interfaces/lib/python3.8/site-packages/evpi_interfaces/evpi_interfaces_s__rosidl_typesupport_introspection_c.cpython-38-x86_64-linux-gnu.so
[0.231s] -- Up-to-date: /home/crazyrobot/evpi_ws/install/evpi_interfaces/lib/python3.8/site-packages/evpi_interfaces/evpi_interfaces_s__rosidl_typesupport_c.cpython-38-x86_64-linux-gnu.so
[0.231s] -- Up-to-date: /home/crazyrobot/evpi_ws/install/evpi_interfaces/lib/libevpi_interfaces__python.so
[0.231s] -- Up-to-date: /home/crazyrobot/evpi_ws/install/evpi_interfaces/share/evpi_interfaces/msg/Mode.idl
[0.231s] -- Up-to-date: /home/crazyrobot/evpi_ws/install/evpi_interfaces/share/evpi_interfaces/msg/MultiRange.idl
[0.232s] -- Up-to-date: /home/crazyrobot/evpi_ws/install/evpi_interfaces/share/evpi_interfaces/msg/Mode.msg
[0.232s] -- Up-to-date: /home/crazyrobot/evpi_ws/install/evpi_interfaces/share/evpi_interfaces/msg/MultiRange.msg
[0.232s] -- Up-to-date: /home/crazyrobot/evpi_ws/install/evpi_interfaces/share/ament_index/resource_index/package_run_dependencies/evpi_interfaces
[0.232s] -- Up-to-date: /home/crazyrobot/evpi_ws/install/evpi_interfaces/share/ament_index/resource_index/parent_prefix_path/evpi_interfaces
[0.232s] -- Up-to-date: /home/crazyrobot/evpi_ws/install/evpi_interfaces/share/evpi_interfaces/environment/ament_prefix_path.sh
[0.232s] -- Up-to-date: /home/crazyrobot/evpi_ws/install/evpi_interfaces/share/evpi_interfaces/environment/ament_prefix_path.dsv
[0.232s] -- Up-to-date: /home/crazyrobot/evpi_ws/install/evpi_interfaces/share/evpi_interfaces/environment/path.sh
[0.232s] -- Up-to-date: /home/crazyrobot/evpi_ws/install/evpi_interfaces/share/evpi_interfaces/environment/path.dsv
[0.232s] -- Up-to-date: /home/crazyrobot/evpi_ws/install/evpi_interfaces/share/evpi_interfaces/local_setup.bash
[0.232s] -- Up-to-date: /home/crazyrobot/evpi_ws/install/evpi_interfaces/share/evpi_interfaces/local_setup.sh
[0.232s] -- Up-to-date: /home/crazyrobot/evpi_ws/install/evpi_interfaces/share/evpi_interfaces/local_setup.zsh
[0.232s] -- Up-to-date: /home/crazyrobot/evpi_ws/install/evpi_interfaces/share/evpi_interfaces/local_setup.dsv
[0.232s] -- Installing: /home/crazyrobot/evpi_ws/install/evpi_interfaces/share/evpi_interfaces/package.dsv
[0.232s] -- Up-to-date: /home/crazyrobot/evpi_ws/install/evpi_interfaces/share/ament_index/resource_index/packages/evpi_interfaces
[0.232s] -- Up-to-date: /home/crazyrobot/evpi_ws/install/evpi_interfaces/share/evpi_interfaces/cmake/evpi_interfaces__rosidl_generator_cExport.cmake
[0.232s] -- Up-to-date: /home/crazyrobot/evpi_ws/install/evpi_interfaces/share/evpi_interfaces/cmake/evpi_interfaces__rosidl_generator_cExport-noconfig.cmake
[0.232s] -- Up-to-date: /home/crazyrobot/evpi_ws/install/evpi_interfaces/share/evpi_interfaces/cmake/evpi_interfaces__rosidl_typesupport_introspection_cExport.cmake
[0.232s] -- Up-to-date: /home/crazyrobot/evpi_ws/install/evpi_interfaces/share/evpi_interfaces/cmake/evpi_interfaces__rosidl_typesupport_introspection_cExport-noconfig.cmake
[0.233s] -- Up-to-date: /home/crazyrobot/evpi_ws/install/evpi_interfaces/share/evpi_interfaces/cmake/evpi_interfaces__rosidl_typesupport_cExport.cmake
[0.233s] -- Up-to-date: /home/crazyrobot/evpi_ws/install/evpi_interfaces/share/evpi_interfaces/cmake/evpi_interfaces__rosidl_typesupport_cExport-noconfig.cmake
[0.233s] -- Up-to-date: /home/crazyrobot/evpi_ws/install/evpi_interfaces/share/evpi_interfaces/cmake/evpi_interfaces__rosidl_generator_cppExport.cmake
[0.233s] -- Up-to-date: /home/crazyrobot/evpi_ws/install/evpi_interfaces/share/evpi_interfaces/cmake/evpi_interfaces__rosidl_typesupport_introspection_cppExport.cmake
[0.233s] -- Up-to-date: /home/crazyrobot/evpi_ws/install/evpi_interfaces/share/evpi_interfaces/cmake/evpi_interfaces__rosidl_typesupport_introspection_cppExport-noconfig.cmake
[0.233s] -- Up-to-date: /home/crazyrobot/evpi_ws/install/evpi_interfaces/share/evpi_interfaces/cmake/evpi_interfaces__rosidl_typesupport_cppExport.cmake
[0.233s] -- Up-to-date: /home/crazyrobot/evpi_ws/install/evpi_interfaces/share/evpi_interfaces/cmake/evpi_interfaces__rosidl_typesupport_cppExport-noconfig.cmake
[0.233s] -- Up-to-date: /home/crazyrobot/evpi_ws/install/evpi_interfaces/share/evpi_interfaces/cmake/rosidl_cmake-extras.cmake
[0.233s] -- Up-to-date: /home/crazyrobot/evpi_ws/install/evpi_interfaces/share/evpi_interfaces/cmake/ament_cmake_export_dependencies-extras.cmake
[0.233s] -- Up-to-date: /home/crazyrobot/evpi_ws/install/evpi_interfaces/share/evpi_interfaces/cmake/ament_cmake_export_libraries-extras.cmake
[0.233s] -- Up-to-date: /home/crazyrobot/evpi_ws/install/evpi_interfaces/share/evpi_interfaces/cmake/ament_cmake_export_targets-extras.cmake
[0.233s] -- Up-to-date: /home/crazyrobot/evpi_ws/install/evpi_interfaces/share/evpi_interfaces/cmake/ament_cmake_export_include_directories-extras.cmake
[0.233s] -- Up-to-date: /home/crazyrobot/evpi_ws/install/evpi_interfaces/share/evpi_interfaces/cmake/rosidl_cmake_export_typesupport_libraries-extras.cmake
[0.233s] -- Up-to-date: /home/crazyrobot/evpi_ws/install/evpi_interfaces/share/evpi_interfaces/cmake/rosidl_cmake_export_typesupport_targets-extras.cmake
[0.233s] -- Up-to-date: /home/crazyrobot/evpi_ws/install/evpi_interfaces/share/evpi_interfaces/cmake/evpi_interfacesConfig.cmake
[0.234s] -- Up-to-date: /home/crazyrobot/evpi_ws/install/evpi_interfaces/share/evpi_interfaces/cmake/evpi_interfacesConfig-version.cmake
[0.234s] -- Up-to-date: /home/crazyrobot/evpi_ws/install/evpi_interfaces/share/evpi_interfaces/package.xml
[0.236s] Invoked command in '/home/crazyrobot/evpi_ws/build/evpi_interfaces' returned '0': CMAKE_PREFIX_PATH=${CMAKE_PREFIX_PATH}:/opt/ros/foxy /usr/bin/cmake --install /home/crazyrobot/evpi_ws/build/evpi_interfaces
