[0.014s] Invoking command in '/home/crazyrobot/evpi_ws/build/evpi_uwb': AMENT_PREFIX_PATH=/home/crazyrobot/evpi_ws/install/evpi_interfaces:${AMENT_PREFIX_PATH} CMAKE_PREFIX_PATH=/home/crazyrobot/evpi_ws/install/evpi_interfaces:/home/crazyrobot/colcon_ws/install/turtlebot3_simulations:/home/crazyrobot/colcon_ws/install/turtlebot3_gazebo:/home/crazyrobot/colcon_ws/install/turtlebot3_fake_node:/opt/ros/foxy LD_LIBRARY_PATH=/home/crazyrobot/evpi_ws/install/evpi_interfaces/lib:${LD_LIBRARY_PATH} PYTHONPATH=/home/crazyrobot/evpi_ws/install/evpi_interfaces/lib/python3.8/site-packages:${PYTHONPATH} /usr/bin/cmake /home/crazyrobot/evpi_ws/src/evpi_uwb -DCMAKE_INSTALL_PREFIX=/home/crazyrobot/evpi_ws/install/evpi_uwb
[0.048s] -- The C compiler identification is GNU 9.4.0
[0.082s] -- The CXX compiler identification is GNU 9.4.0
[0.086s] -- Check for working C compiler: /usr/bin/cc
[0.128s] -- Check for working C compiler: /usr/bin/cc -- works
[0.129s] -- Detecting C compiler ABI info
[0.173s] -- Detecting C compiler ABI info - done
[0.182s] -- Detecting C compile features
[0.182s] -- Detecting C compile features - done
[0.183s] -- Check for working CXX compiler: /usr/bin/c++
[0.236s] -- Check for working CXX compiler: /usr/bin/c++ -- works
[0.237s] -- Detecting CXX compiler ABI info
[0.290s] -- Detecting CXX compiler ABI info - done
[0.298s] -- Detecting CXX compile features
[0.299s] -- Detecting CXX compile features - done
[0.300s] -- Found ament_cmake: 0.9.9 (/opt/ros/foxy/share/ament_cmake/cmake)
[0.317s] -- Found PythonInterp: /usr/bin/python3 (found suitable version "3.8.10", minimum required is "3") 
[0.317s] -- Using PYTHON_EXECUTABLE: /usr/bin/python3
[0.459s] -- Found std_msgs: 2.0.5 (/opt/ros/foxy/share/std_msgs/cmake)
[0.482s] -- Using all available rosidl_typesupport_c: rosidl_typesupport_fastrtps_c;rosidl_typesupport_introspection_c
[0.487s] -- Found rosidl_adapter: 1.2.1 (/opt/ros/foxy/share/rosidl_adapter/cmake)
[0.537s] -- Found OpenSSL: /usr/lib/x86_64-linux-gnu/libcrypto.so (found version "1.1.1f")  
[0.558s] -- Found FastRTPS: /opt/ros/foxy/include  
[0.615s] -- Using all available rosidl_typesupport_cpp: rosidl_typesupport_fastrtps_cpp;rosidl_typesupport_introspection_cpp
[0.650s] -- Found rclcpp: 2.4.1 (/opt/ros/foxy/share/rclcpp/cmake)
[0.686s] -- Found rmw_implementation_cmake: 1.0.3 (/opt/ros/foxy/share/rmw_implementation_cmake/cmake)
[0.687s] -- Using RMW implementation 'rmw_fastrtps_cpp' as default
[0.687s] -- Looking for pthread.h
[0.734s] -- Looking for pthread.h - found
[0.735s] -- Performing Test CMAKE_HAVE_LIBC_PTHREAD
[0.783s] -- Performing Test CMAKE_HAVE_LIBC_PTHREAD - Failed
[0.783s] -- Looking for pthread_create in pthreads
[0.821s] -- Looking for pthread_create in pthreads - not found
[0.821s] -- Looking for pthread_create in pthread
[0.867s] -- Looking for pthread_create in pthread - found
[0.867s] -- Found Threads: TRUE  
[1.266s] -- Found geometry_msgs: 2.0.5 (/opt/ros/foxy/share/geometry_msgs/cmake)
[1.292s] -- Found ackermann_msgs: 2.0.2 (/opt/ros/foxy/share/ackermann_msgs/cmake)
[1.318s] -- Found tf2_msgs: 0.13.13 (/opt/ros/foxy/share/tf2_msgs/cmake)
[1.470s] -- Found tf2: 0.13.13 (/opt/ros/foxy/share/tf2/cmake)
[1.480s] -- Found tf2_ros: 0.13.13 (/opt/ros/foxy/share/tf2_ros/cmake)
[1.606s] -- Found evpi_interfaces: 0.0.0 (/home/crazyrobot/evpi_ws/install/evpi_interfaces/share/evpi_interfaces/cmake)
[1.735s] -- Configuring done
[1.763s] -- Generating done
[1.765s] -- Build files have been written to: /home/crazyrobot/evpi_ws/build/evpi_uwb
[1.773s] Invoked command in '/home/crazyrobot/evpi_ws/build/evpi_uwb' returned '0': AMENT_PREFIX_PATH=/home/crazyrobot/evpi_ws/install/evpi_interfaces:${AMENT_PREFIX_PATH} CMAKE_PREFIX_PATH=/home/crazyrobot/evpi_ws/install/evpi_interfaces:/home/crazyrobot/colcon_ws/install/turtlebot3_simulations:/home/crazyrobot/colcon_ws/install/turtlebot3_gazebo:/home/crazyrobot/colcon_ws/install/turtlebot3_fake_node:/opt/ros/foxy LD_LIBRARY_PATH=/home/crazyrobot/evpi_ws/install/evpi_interfaces/lib:${LD_LIBRARY_PATH} PYTHONPATH=/home/crazyrobot/evpi_ws/install/evpi_interfaces/lib/python3.8/site-packages:${PYTHONPATH} /usr/bin/cmake /home/crazyrobot/evpi_ws/src/evpi_uwb -DCMAKE_INSTALL_PREFIX=/home/crazyrobot/evpi_ws/install/evpi_uwb
[1.776s] Invoking command in '/home/crazyrobot/evpi_ws/build/evpi_uwb': AMENT_PREFIX_PATH=/home/crazyrobot/evpi_ws/install/evpi_interfaces:${AMENT_PREFIX_PATH} CMAKE_PREFIX_PATH=/home/crazyrobot/evpi_ws/install/evpi_interfaces:/home/crazyrobot/colcon_ws/install/turtlebot3_simulations:/home/crazyrobot/colcon_ws/install/turtlebot3_gazebo:/home/crazyrobot/colcon_ws/install/turtlebot3_fake_node:/opt/ros/foxy LD_LIBRARY_PATH=/home/crazyrobot/evpi_ws/install/evpi_interfaces/lib:${LD_LIBRARY_PATH} PYTHONPATH=/home/crazyrobot/evpi_ws/install/evpi_interfaces/lib/python3.8/site-packages:${PYTHONPATH} /usr/bin/cmake --build /home/crazyrobot/evpi_ws/build/evpi_uwb -- -j16 -l16
[1.808s] [35m[1mScanning dependencies of target following_node[0m
[1.808s] [35m[1mScanning dependencies of target trilateration_mse_3d[0m
[1.808s] [35m[1mScanning dependencies of target trilateration_mse[0m
[1.808s] [35m[1mScanning dependencies of target hybrid_cosine[0m
[1.897s] [ 12%] [32mBuilding CXX object CMakeFiles/following_node.dir/src/following_node.cpp.o[0m
[1.909s] [ 25%] [32mBuilding CXX object CMakeFiles/hybrid_cosine.dir/src/hybrid_cosine.cpp.o[0m
[1.917s] [ 37%] [32mBuilding CXX object CMakeFiles/trilateration_mse_3d.dir/src/trilateration_mse_3d.cpp.o[0m
[1.918s] [ 50%] [32mBuilding CXX object CMakeFiles/trilateration_mse.dir/src/trilateration_mse.cpp.o[0m
[3.069s] [01m[K/home/crazyrobot/evpi_ws/src/evpi_uwb/src/following_node.cpp:[m[K In member function ‘[01m[Kgeometry_msgs::msg::PoseStamped FollowingNode::pose_2d_est(double, double)[m[K’:
[3.069s] [01m[K/home/crazyrobot/evpi_ws/src/evpi_uwb/src/following_node.cpp:142:29:[m[K [01;35m[Kwarning: [m[Kunused variable ‘[01m[Kyz_alpha[m[K’ [[01;35m[K-Wunused-variable[m[K]
[3.069s]   142 |     static double xy_alpha, [01;35m[Kyz_alpha[m[K;
[3.069s]       |                             [01;35m[K^~~~~~~~[m[K
[4.501s] [01m[K/home/crazyrobot/evpi_ws/src/evpi_uwb/src/following_node.cpp:[m[K At global scope:
[4.502s] [01m[K/home/crazyrobot/evpi_ws/src/evpi_uwb/src/following_node.cpp:142:29:[m[K [01;35m[Kwarning: [m[K‘[01m[Kyz_alpha[m[K’ defined but not used [[01;35m[K-Wunused-variable[m[K]
[6.558s] [ 62%] [32m[1mLinking CXX executable following_node[0m
[6.746s] [ 62%] Built target following_node
[7.809s] [ 75%] [32m[1mLinking CXX executable hybrid_cosine[0m
[7.877s] [ 87%] [32m[1mLinking CXX executable trilateration_mse[0m
[8.008s] [ 87%] Built target hybrid_cosine
[8.071s] [ 87%] Built target trilateration_mse
[8.143s] [100%] [32m[1mLinking CXX executable trilateration_mse_3d[0m
[8.331s] [100%] Built target trilateration_mse_3d
[8.338s] Invoked command in '/home/crazyrobot/evpi_ws/build/evpi_uwb' returned '0': AMENT_PREFIX_PATH=/home/crazyrobot/evpi_ws/install/evpi_interfaces:${AMENT_PREFIX_PATH} CMAKE_PREFIX_PATH=/home/crazyrobot/evpi_ws/install/evpi_interfaces:/home/crazyrobot/colcon_ws/install/turtlebot3_simulations:/home/crazyrobot/colcon_ws/install/turtlebot3_gazebo:/home/crazyrobot/colcon_ws/install/turtlebot3_fake_node:/opt/ros/foxy LD_LIBRARY_PATH=/home/crazyrobot/evpi_ws/install/evpi_interfaces/lib:${LD_LIBRARY_PATH} PYTHONPATH=/home/crazyrobot/evpi_ws/install/evpi_interfaces/lib/python3.8/site-packages:${PYTHONPATH} /usr/bin/cmake --build /home/crazyrobot/evpi_ws/build/evpi_uwb -- -j16 -l16
[8.356s] Invoking command in '/home/crazyrobot/evpi_ws/build/evpi_uwb': AMENT_PREFIX_PATH=/home/crazyrobot/evpi_ws/install/evpi_interfaces:${AMENT_PREFIX_PATH} CMAKE_PREFIX_PATH=/home/crazyrobot/evpi_ws/install/evpi_interfaces:/home/crazyrobot/colcon_ws/install/turtlebot3_simulations:/home/crazyrobot/colcon_ws/install/turtlebot3_gazebo:/home/crazyrobot/colcon_ws/install/turtlebot3_fake_node:/opt/ros/foxy LD_LIBRARY_PATH=/home/crazyrobot/evpi_ws/install/evpi_interfaces/lib:${LD_LIBRARY_PATH} PYTHONPATH=/home/crazyrobot/evpi_ws/install/evpi_interfaces/lib/python3.8/site-packages:${PYTHONPATH} /usr/bin/cmake --install /home/crazyrobot/evpi_ws/build/evpi_uwb
[8.361s] -- Install configuration: ""
[8.361s] -- Installing: /home/crazyrobot/evpi_ws/install/evpi_uwb/share/evpi_uwb/launch
[8.361s] -- Installing: /home/crazyrobot/evpi_ws/install/evpi_uwb/share/evpi_uwb/launch/uwb_hybrid.launch.py
[8.361s] -- Installing: /home/crazyrobot/evpi_ws/install/evpi_uwb/share/evpi_uwb/launch/trilateration_mse.launch.py
[8.361s] -- Installing: /home/crazyrobot/evpi_ws/install/evpi_uwb/share/evpi_uwb/launch/uwb_transceiver.launch.py
[8.361s] -- Installing: /home/crazyrobot/evpi_ws/install/evpi_uwb/share/evpi_uwb/config
[8.361s] -- Installing: /home/crazyrobot/evpi_ws/install/evpi_uwb/share/evpi_uwb/config/uwb.yaml
[8.361s] -- Installing: /home/crazyrobot/evpi_ws/install/evpi_uwb/share/evpi_uwb/include
[8.361s] -- Installing: /home/crazyrobot/evpi_ws/install/evpi_uwb/share/evpi_uwb/include/evpi_uwb
[8.361s] -- Installing: /home/crazyrobot/evpi_ws/install/evpi_uwb/share/evpi_uwb/include/evpi_uwb/following_node.hpp
[8.361s] -- Installing: /home/crazyrobot/evpi_ws/install/evpi_uwb/lib/evpi_uwb/following_node
[8.363s] -- Set runtime path of "/home/crazyrobot/evpi_ws/install/evpi_uwb/lib/evpi_uwb/following_node" to ""
[8.363s] -- Installing: /home/crazyrobot/evpi_ws/install/evpi_uwb/lib/evpi_uwb/trilateration_mse
[8.364s] -- Set runtime path of "/home/crazyrobot/evpi_ws/install/evpi_uwb/lib/evpi_uwb/trilateration_mse" to ""
[8.364s] -- Installing: /home/crazyrobot/evpi_ws/install/evpi_uwb/lib/evpi_uwb/trilateration_mse_3d
[8.365s] -- Set runtime path of "/home/crazyrobot/evpi_ws/install/evpi_uwb/lib/evpi_uwb/trilateration_mse_3d" to ""
[8.365s] -- Installing: /home/crazyrobot/evpi_ws/install/evpi_uwb/lib/evpi_uwb/hybrid_cosine
[8.367s] -- Set runtime path of "/home/crazyrobot/evpi_ws/install/evpi_uwb/lib/evpi_uwb/hybrid_cosine" to ""
[8.367s] -- Installing: /home/crazyrobot/evpi_ws/install/evpi_uwb/share/ament_index/resource_index/package_run_dependencies/evpi_uwb
[8.367s] -- Installing: /home/crazyrobot/evpi_ws/install/evpi_uwb/share/ament_index/resource_index/parent_prefix_path/evpi_uwb
[8.367s] -- Installing: /home/crazyrobot/evpi_ws/install/evpi_uwb/share/evpi_uwb/environment/ament_prefix_path.sh
[8.367s] -- Installing: /home/crazyrobot/evpi_ws/install/evpi_uwb/share/evpi_uwb/environment/ament_prefix_path.dsv
[8.367s] -- Installing: /home/crazyrobot/evpi_ws/install/evpi_uwb/share/evpi_uwb/environment/path.sh
[8.367s] -- Installing: /home/crazyrobot/evpi_ws/install/evpi_uwb/share/evpi_uwb/environment/path.dsv
[8.367s] -- Installing: /home/crazyrobot/evpi_ws/install/evpi_uwb/share/evpi_uwb/local_setup.bash
[8.367s] -- Installing: /home/crazyrobot/evpi_ws/install/evpi_uwb/share/evpi_uwb/local_setup.sh
[8.367s] -- Installing: /home/crazyrobot/evpi_ws/install/evpi_uwb/share/evpi_uwb/local_setup.zsh
[8.367s] -- Installing: /home/crazyrobot/evpi_ws/install/evpi_uwb/share/evpi_uwb/local_setup.dsv
[8.367s] -- Installing: /home/crazyrobot/evpi_ws/install/evpi_uwb/share/evpi_uwb/package.dsv
[8.368s] -- Installing: /home/crazyrobot/evpi_ws/install/evpi_uwb/share/ament_index/resource_index/packages/evpi_uwb
[8.368s] -- Installing: /home/crazyrobot/evpi_ws/install/evpi_uwb/share/evpi_uwb/cmake/evpi_uwbConfig.cmake
[8.368s] -- Installing: /home/crazyrobot/evpi_ws/install/evpi_uwb/share/evpi_uwb/cmake/evpi_uwbConfig-version.cmake
[8.368s] -- Installing: /home/crazyrobot/evpi_ws/install/evpi_uwb/share/evpi_uwb/package.xml
[8.370s] Invoked command in '/home/crazyrobot/evpi_ws/build/evpi_uwb' returned '0': AMENT_PREFIX_PATH=/home/crazyrobot/evpi_ws/install/evpi_interfaces:${AMENT_PREFIX_PATH} CMAKE_PREFIX_PATH=/home/crazyrobot/evpi_ws/install/evpi_interfaces:/home/crazyrobot/colcon_ws/install/turtlebot3_simulations:/home/crazyrobot/colcon_ws/install/turtlebot3_gazebo:/home/crazyrobot/colcon_ws/install/turtlebot3_fake_node:/opt/ros/foxy LD_LIBRARY_PATH=/home/crazyrobot/evpi_ws/install/evpi_interfaces/lib:${LD_LIBRARY_PATH} PYTHONPATH=/home/crazyrobot/evpi_ws/install/evpi_interfaces/lib/python3.8/site-packages:${PYTHONPATH} /usr/bin/cmake --install /home/crazyrobot/evpi_ws/build/evpi_uwb
