-- The C compiler identification is GNU 9.4.0
-- The CXX compiler identification is GNU 9.4.0
-- Check for working C compiler: /usr/bin/cc
-- Check for working C compiler: /usr/bin/cc -- works
-- Detecting C compiler ABI info
-- Detecting C compiler ABI info - done
-- Detecting C compile features
-- Detecting C compile features - done
-- Check for working CXX compiler: /usr/bin/c++
-- Check for working CXX compiler: /usr/bin/c++ -- works
-- Detecting CXX compiler ABI info
-- Detecting CXX compiler ABI info - done
-- Detecting CXX compile features
-- Detecting CXX compile features - done
-- Found ament_cmake: 0.9.9 (/opt/ros/foxy/share/ament_cmake/cmake)
-- Found PythonInterp: /usr/bin/python3 (found suitable version "3.8.10", minimum required is "3") 
-- Using PYTHON_EXECUTABLE: /usr/bin/python3
-- Found rclcpp: 2.4.1 (/opt/ros/foxy/share/rclcpp/cmake)
-- Using all available rosidl_typesupport_c: rosidl_typesupport_fastrtps_c;rosidl_typesupport_introspection_c
-- Found rosidl_adapter: 1.2.1 (/opt/ros/foxy/share/rosidl_adapter/cmake)
-- Found OpenSSL: /usr/lib/x86_64-linux-gnu/libcrypto.so (found version "1.1.1f")  
-- Found FastRTPS: /opt/ros/foxy/include  
-- Using all available rosidl_typesupport_cpp: rosidl_typesupport_fastrtps_cpp;rosidl_typesupport_introspection_cpp
-- Found rmw_implementation_cmake: 1.0.3 (/opt/ros/foxy/share/rmw_implementation_cmake/cmake)
-- Using RMW implementation 'rmw_fastrtps_cpp' as default
-- Looking for pthread.h
-- Looking for pthread.h - found
-- Performing Test CMAKE_HAVE_LIBC_PTHREAD
-- Performing Test CMAKE_HAVE_LIBC_PTHREAD - Failed
-- Looking for pthread_create in pthreads
-- Looking for pthread_create in pthreads - not found
-- Looking for pthread_create in pthread
-- Looking for pthread_create in pthread - found
-- Found Threads: TRUE  
-- Found tf2: 0.13.13 (/opt/ros/foxy/share/tf2/cmake)
-- Found tf2_ros: 0.13.13 (/opt/ros/foxy/share/tf2_ros/cmake)
-- Found nav_msgs: 2.0.5 (/opt/ros/foxy/share/nav_msgs/cmake)
-- Found sensor_msgs: 2.0.5 (/opt/ros/foxy/share/sensor_msgs/cmake)
-- Configuring done
-- Generating done
-- Build files have been written to: /home/crazyrobot/evpi_ws/build/evpi_navigation
[35m[1mScanning dependencies of target odometry[0m
[ 50%] [32mBuilding CXX object CMakeFiles/odometry.dir/src/odometry.cpp.o[0m
[100%] [32m[1mLinking CXX executable odometry[0m
[100%] Built target odometry
-- Install configuration: ""
-- Installing: /home/crazyrobot/evpi_ws/install/evpi_navigation/lib/evpi_navigation/odometry
-- Set runtime path of "/home/crazyrobot/evpi_ws/install/evpi_navigation/lib/evpi_navigation/odometry" to ""
-- Installing: /home/crazyrobot/evpi_ws/install/evpi_navigation/share/ament_index/resource_index/package_run_dependencies/evpi_navigation
-- Installing: /home/crazyrobot/evpi_ws/install/evpi_navigation/share/ament_index/resource_index/parent_prefix_path/evpi_navigation
-- Installing: /home/crazyrobot/evpi_ws/install/evpi_navigation/share/evpi_navigation/environment/ament_prefix_path.sh
-- Installing: /home/crazyrobot/evpi_ws/install/evpi_navigation/share/evpi_navigation/environment/ament_prefix_path.dsv
-- Installing: /home/crazyrobot/evpi_ws/install/evpi_navigation/share/evpi_navigation/environment/path.sh
-- Installing: /home/crazyrobot/evpi_ws/install/evpi_navigation/share/evpi_navigation/environment/path.dsv
-- Installing: /home/crazyrobot/evpi_ws/install/evpi_navigation/share/evpi_navigation/local_setup.bash
-- Installing: /home/crazyrobot/evpi_ws/install/evpi_navigation/share/evpi_navigation/local_setup.sh
-- Installing: /home/crazyrobot/evpi_ws/install/evpi_navigation/share/evpi_navigation/local_setup.zsh
-- Installing: /home/crazyrobot/evpi_ws/install/evpi_navigation/share/evpi_navigation/local_setup.dsv
-- Installing: /home/crazyrobot/evpi_ws/install/evpi_navigation/share/evpi_navigation/package.dsv
-- Installing: /home/crazyrobot/evpi_ws/install/evpi_navigation/share/ament_index/resource_index/packages/evpi_navigation
-- Installing: /home/crazyrobot/evpi_ws/install/evpi_navigation/share/evpi_navigation/cmake/evpi_navigationConfig.cmake
-- Installing: /home/crazyrobot/evpi_ws/install/evpi_navigation/share/evpi_navigation/cmake/evpi_navigationConfig-version.cmake
-- Installing: /home/crazyrobot/evpi_ws/install/evpi_navigation/share/evpi_navigation/package.xml
