[0.018s] Invoking command in '/home/crazyrobot/evpi_ws/build/evpi_navigation': CMAKE_PREFIX_PATH=${CMAKE_PREFIX_PATH}:/opt/ros/foxy /usr/bin/cmake --build /home/crazyrobot/evpi_ws/build/evpi_navigation -- -j16 -l16
[0.059s] [100%] Built target odometry
[0.067s] Invoked command in '/home/crazyrobot/evpi_ws/build/evpi_navigation' returned '0': CMAKE_PREFIX_PATH=${CMAKE_PREFIX_PATH}:/opt/ros/foxy /usr/bin/cmake --build /home/crazyrobot/evpi_ws/build/evpi_navigation -- -j16 -l16
[0.087s] Invoking command in '/home/crazyrobot/evpi_ws/build/evpi_navigation': CMAKE_PREFIX_PATH=${CMAKE_PREFIX_PATH}:/opt/ros/foxy /usr/bin/cmake --install /home/crazyrobot/evpi_ws/build/evpi_navigation
[0.094s] -- Install configuration: ""
[0.094s] -- Up-to-date: /home/crazyrobot/evpi_ws/install/evpi_navigation/lib/evpi_navigation/odometry
[0.094s] -- Up-to-date: /home/crazyrobot/evpi_ws/install/evpi_navigation/share/ament_index/resource_index/package_run_dependencies/evpi_navigation
[0.094s] -- Up-to-date: /home/crazyrobot/evpi_ws/install/evpi_navigation/share/ament_index/resource_index/parent_prefix_path/evpi_navigation
[0.094s] -- Up-to-date: /home/crazyrobot/evpi_ws/install/evpi_navigation/share/evpi_navigation/environment/ament_prefix_path.sh
[0.094s] -- Up-to-date: /home/crazyrobot/evpi_ws/install/evpi_navigation/share/evpi_navigation/environment/ament_prefix_path.dsv
[0.094s] -- Up-to-date: /home/crazyrobot/evpi_ws/install/evpi_navigation/share/evpi_navigation/environment/path.sh
[0.095s] -- Up-to-date: /home/crazyrobot/evpi_ws/install/evpi_navigation/share/evpi_navigation/environment/path.dsv
[0.095s] -- Up-to-date: /home/crazyrobot/evpi_ws/install/evpi_navigation/share/evpi_navigation/local_setup.bash
[0.095s] -- Up-to-date: /home/crazyrobot/evpi_ws/install/evpi_navigation/share/evpi_navigation/local_setup.sh
[0.095s] -- Up-to-date: /home/crazyrobot/evpi_ws/install/evpi_navigation/share/evpi_navigation/local_setup.zsh
[0.095s] -- Up-to-date: /home/crazyrobot/evpi_ws/install/evpi_navigation/share/evpi_navigation/local_setup.dsv
[0.095s] -- Installing: /home/crazyrobot/evpi_ws/install/evpi_navigation/share/evpi_navigation/package.dsv
[0.095s] -- Up-to-date: /home/crazyrobot/evpi_ws/install/evpi_navigation/share/ament_index/resource_index/packages/evpi_navigation
[0.095s] -- Up-to-date: /home/crazyrobot/evpi_ws/install/evpi_navigation/share/evpi_navigation/cmake/evpi_navigationConfig.cmake
[0.095s] -- Up-to-date: /home/crazyrobot/evpi_ws/install/evpi_navigation/share/evpi_navigation/cmake/evpi_navigationConfig-version.cmake
[0.095s] -- Up-to-date: /home/crazyrobot/evpi_ws/install/evpi_navigation/share/evpi_navigation/package.xml
[0.106s] Invoked command in '/home/crazyrobot/evpi_ws/build/evpi_navigation' returned '0': CMAKE_PREFIX_PATH=${CMAKE_PREFIX_PATH}:/opt/ros/foxy /usr/bin/cmake --install /home/crazyrobot/evpi_ws/build/evpi_navigation
